2026-06-12 15:12:25 | INFO     | ============================================================
2026-06-12 15:12:25 | INFO     | Vidi FEMA + Income Tax Scraper
2026-06-12 15:12:25 | INFO     | Output: C:\Users\Sahil Karande\OneDrive\Desktop\Projects\Vidi\data\fema
2026-06-12 15:12:25 | INFO     | Target collection: 'fema' (new ChromaDB collection)
2026-06-12 15:12:25 | INFO     | Limit: 5 PDFs
2026-06-12 15:12:25 | INFO     | ============================================================
2026-06-12 15:12:25 | INFO     | Curated docs: 24
2026-06-12 15:12:25 | INFO     | Crawling 7 FEMA/IncomeTax listing pages...
2026-06-12 15:12:25 | INFO     |   https://www.rbi.org.in/Scripts/Fema.aspx
2026-06-12 15:12:29 | INFO     |   ttps://www.rbi.org.in/Scripts/BS_FemaNotifications.aspx
2026-06-12 15:12:31 | INFO     |   ://incometaxindia.gov.in/Pages/acts/income-tax-act.aspx
2026-06-12 15:12:33 | WARNING  | HTTP 403 — https://incometaxindia.gov.in/Pages/acts/income-tax-act.aspx (attempt 1/3)
2026-06-12 15:12:38 | WARNING  | HTTP 403 — https://incometaxindia.gov.in/Pages/acts/income-tax-act.aspx (attempt 2/3)
2026-06-12 15:12:48 | WARNING  | HTTP 403 — https://incometaxindia.gov.in/Pages/acts/income-tax-act.aspx (attempt 3/3)
2026-06-12 15:12:48 | ERROR    | Failed: https://incometaxindia.gov.in/Pages/acts/income-tax-act.aspx
2026-06-12 15:12:48 | INFO     |   incometaxindia.gov.in/Pages/rules/income-tax-rules.aspx
2026-06-12 15:12:51 | WARNING  | HTTP 403 — https://incometaxindia.gov.in/Pages/rules/income-tax-rules.a (attempt 1/3)
2026-06-12 15:12:58 | WARNING  | HTTP 403 — https://incometaxindia.gov.in/Pages/rules/income-tax-rules.a (attempt 2/3)
2026-06-12 15:13:38 | INFO     | ============================================================
2026-06-12 15:13:38 | INFO     | Vidi FEMA + Income Tax Scraper
2026-06-12 15:13:38 | INFO     | Output: C:\Users\Sahil Karande\OneDrive\Desktop\Projects\Vidi\data\fema
2026-06-12 15:13:38 | INFO     | Target collection: 'fema' (new ChromaDB collection)
2026-06-12 15:13:38 | INFO     | Limit: 5 PDFs
2026-06-12 15:13:38 | INFO     | ============================================================
2026-06-12 15:13:38 | INFO     | Curated docs: 24
2026-06-12 15:13:38 | INFO     | Crawling 7 FEMA/IncomeTax listing pages...
2026-06-12 15:13:38 | INFO     |   https://www.rbi.org.in/Scripts/Fema.aspx
2026-06-12 15:13:42 | INFO     |   ttps://www.rbi.org.in/Scripts/BS_FemaNotifications.aspx
2026-06-12 15:13:44 | INFO     |   ://incometaxindia.gov.in/Pages/acts/income-tax-act.aspx
2026-06-12 15:13:48 | WARNING  | HTTP 403 — https://incometaxindia.gov.in/Pages/acts/income-tax-act.aspx (attempt 1/3)
2026-06-12 15:13:56 | WARNING  | HTTP 403 — https://incometaxindia.gov.in/Pages/acts/income-tax-act.aspx (attempt 2/3)
2026-06-12 15:14:04 | WARNING  | HTTP 403 — https://incometaxindia.gov.in/Pages/acts/income-tax-act.aspx (attempt 3/3)
2026-06-12 15:14:04 | ERROR    | Failed: https://incometaxindia.gov.in/Pages/acts/income-tax-act.aspx
2026-06-12 15:14:04 | INFO     |   incometaxindia.gov.in/Pages/rules/income-tax-rules.aspx
2026-06-12 15:14:05 | WARNING  | HTTP 403 — https://incometaxindia.gov.in/Pages/rules/income-tax-rules.a (attempt 1/3)
2026-06-12 15:14:10 | WARNING  | HTTP 403 — https://incometaxindia.gov.in/Pages/rules/income-tax-rules.a (attempt 2/3)
2026-06-12 15:14:19 | WARNING  | HTTP 403 — https://incometaxindia.gov.in/Pages/rules/income-tax-rules.a (attempt 3/3)
2026-06-12 15:14:19 | ERROR    | Failed: https://incometaxindia.gov.in/Pages/rules/income-tax-rules.a
2026-06-12 15:14:19 | INFO     |   cometaxindia.gov.in/Pages/communications/circulars.aspx
2026-06-12 15:14:20 | WARNING  | HTTP 403 — https://incometaxindia.gov.in/Pages/communications/circulars (attempt 1/3)
2026-06-12 15:14:25 | WARNING  | HTTP 403 — https://incometaxindia.gov.in/Pages/communications/circulars (attempt 2/3)
2026-06-12 15:14:34 | WARNING  | HTTP 403 — https://incometaxindia.gov.in/Pages/communications/circulars (attempt 3/3)
2026-06-12 15:14:34 | ERROR    | Failed: https://incometaxindia.gov.in/Pages/communications/circulars
2026-06-12 15:14:34 | INFO     |   taxindia.gov.in/Pages/communications/notifications.aspx
2026-06-12 15:14:35 | WARNING  | HTTP 403 — https://incometaxindia.gov.in/Pages/communications/notificat (attempt 1/3)
2026-06-12 15:14:40 | WARNING  | HTTP 403 — https://incometaxindia.gov.in/Pages/communications/notificat (attempt 2/3)
2026-06-12 15:14:49 | WARNING  | HTTP 403 — https://incometaxindia.gov.in/Pages/communications/notificat (attempt 3/3)
2026-06-12 15:14:49 | ERROR    | Failed: https://incometaxindia.gov.in/Pages/communications/notificat
2026-06-12 15:14:49 | INFO     |   ttps://incometaxindia.gov.in/Pages/utilities/forms.aspx
2026-06-12 15:14:50 | WARNING  | HTTP 403 — https://incometaxindia.gov.in/Pages/utilities/forms.aspx (attempt 1/3)
2026-06-12 15:14:58 | WARNING  | HTTP 403 — https://incometaxindia.gov.in/Pages/utilities/forms.aspx (attempt 2/3)
2026-06-12 15:15:09 | WARNING  | HTTP 403 — https://incometaxindia.gov.in/Pages/utilities/forms.aspx (attempt 3/3)
2026-06-12 15:15:09 | ERROR    | Failed: https://incometaxindia.gov.in/Pages/utilities/forms.aspx
2026-06-12 15:15:09 | INFO     | Crawled 22 PDF links from listing pages
2026-06-12 15:15:09 | INFO     | Crawled docs:  22
2026-06-12 15:15:09 | INFO     | Total links:   46
2026-06-12 15:15:10 | WARNING  | HTTP 404 — https://rbidocs.rbi.org.in/rdocs/content/PDFs/FEMA22020191.P (attempt 1/3)
2026-06-12 15:15:14 | WARNING  | HTTP 404 — https://rbidocs.rbi.org.in/rdocs/content/PDFs/FEMA22020191.P (attempt 2/3)
2026-06-12 15:15:22 | WARNING  | HTTP 404 — https://rbidocs.rbi.org.in/rdocs/content/PDFs/FEMA22020191.P (attempt 3/3)
2026-06-12 15:15:22 | ERROR    | Failed: https://rbidocs.rbi.org.in/rdocs/content/PDFs/FEMA22020191.P
2026-06-12 15:15:22 | WARNING  | HTTP 404 — https://rbidocs.rbi.org.in/rdocs/content/PDFs/FEMA120190527. (attempt 1/3)
2026-06-12 15:15:26 | WARNING  | HTTP 404 — https://rbidocs.rbi.org.in/rdocs/content/PDFs/FEMA120190527. (attempt 2/3)
2026-06-12 15:15:34 | WARNING  | HTTP 404 — https://rbidocs.rbi.org.in/rdocs/content/PDFs/FEMA120190527. (attempt 3/3)
2026-06-12 15:15:35 | ERROR    | Failed: https://rbidocs.rbi.org.in/rdocs/content/PDFs/FEMA120190527.
2026-06-12 15:15:35 | WARNING  | HTTP 404 — https://rbidocs.rbi.org.in/rdocs/content/PDFs/FEMA20R3108201 (attempt 1/3)
2026-06-12 15:15:39 | WARNING  | HTTP 404 — https://rbidocs.rbi.org.in/rdocs/content/PDFs/FEMA20R3108201 (attempt 2/3)
2026-06-12 15:15:47 | WARNING  | HTTP 404 — https://rbidocs.rbi.org.in/rdocs/content/PDFs/FEMA20R3108201 (attempt 3/3)
2026-06-12 15:15:47 | ERROR    | Failed: https://rbidocs.rbi.org.in/rdocs/content/PDFs/FEMA20R3108201
2026-06-12 15:15:47 | WARNING  | HTTP 404 — https://rbidocs.rbi.org.in/rdocs/content/PDFs/MDFX01092020.P (attempt 1/3)
2026-06-12 15:15:51 | WARNING  | HTTP 404 — https://rbidocs.rbi.org.in/rdocs/content/PDFs/MDFX01092020.P (attempt 2/3)
2026-06-12 15:15:59 | WARNING  | HTTP 404 — https://rbidocs.rbi.org.in/rdocs/content/PDFs/MDFX01092020.P (attempt 3/3)
2026-06-12 15:15:59 | ERROR    | Failed: https://rbidocs.rbi.org.in/rdocs/content/PDFs/MDFX01092020.P
2026-06-12 15:15:59 | WARNING  | HTTP 404 — https://rbidocs.rbi.org.in/rdocs/content/PDFs/MDEXP01012016. (attempt 1/3)
2026-06-12 15:16:03 | WARNING  | HTTP 404 — https://rbidocs.rbi.org.in/rdocs/content/PDFs/MDEXP01012016. (attempt 2/3)
2026-06-12 15:16:11 | WARNING  | HTTP 404 — https://rbidocs.rbi.org.in/rdocs/content/PDFs/MDEXP01012016. (attempt 3/3)
2026-06-12 15:16:11 | ERROR    | Failed: https://rbidocs.rbi.org.in/rdocs/content/PDFs/MDEXP01012016.
2026-06-12 15:16:11 | INFO     | 
============================================================
2026-06-12 15:16:11 | INFO     | SCRAPING COMPLETE — FEMA + Income Tax
2026-06-12 15:16:11 | INFO     |   ✓ Downloaded:  0 PDFs
2026-06-12 15:16:11 | INFO     |   ✗ Failed:      5 PDFs
2026-06-12 15:16:11 | INFO     |   💾 Total size: 0.0 MB
2026-06-12 15:16:11 | INFO     |   📁 Saved to:   C:\Users\Sahil Karande\OneDrive\Desktop\Projects\Vidi\data\fema
2026-06-12 15:16:11 | INFO     | ============================================================
2026-06-12 15:16:11 | INFO     | 
Next steps:
2026-06-12 15:16:11 | INFO     |   python pipeline/chunker.py --corpus fema
2026-06-12 15:16:11 | INFO     |   python pipeline/embedder.py --corpus fema
2026-06-12 15:16:11 | INFO     |   python pipeline/indexer.py --corpus fema --verify
2026-06-12 15:19:57 | INFO     | ============================================================
2026-06-12 15:19:57 | INFO     | Vidi FEMA + Income Tax Scraper
2026-06-12 15:19:57 | INFO     | Output: C:\Users\Sahil Karande\OneDrive\Desktop\Projects\Vidi\data\fema
2026-06-12 15:19:57 | INFO     | Target collection: 'fema' (new ChromaDB collection)
2026-06-12 15:19:57 | INFO     | Limit: 5 PDFs
2026-06-12 15:19:57 | INFO     | ============================================================
2026-06-12 15:19:57 | INFO     | Curated docs: 24
2026-06-12 15:19:57 | INFO     | Crawling 7 FEMA/IncomeTax listing pages...
2026-06-12 15:19:57 | INFO     |   https://www.rbi.org.in/Scripts/Fema.aspx
2026-06-12 15:20:01 | INFO     |   ttps://www.rbi.org.in/Scripts/BS_FemaNotifications.aspx
2026-06-12 15:20:03 | INFO     |   ://incometaxindia.gov.in/Pages/acts/income-tax-act.aspx
2026-06-12 15:20:05 | WARNING  | HTTP 403 — https://incometaxindia.gov.in/Pages/acts/income-tax-act.aspx (attempt 1/3)
2026-06-12 15:20:10 | WARNING  | HTTP 403 — https://incometaxindia.gov.in/Pages/acts/income-tax-act.aspx (attempt 2/3)
2026-06-12 15:20:19 | WARNING  | HTTP 403 — https://incometaxindia.gov.in/Pages/acts/income-tax-act.aspx (attempt 3/3)
2026-06-12 15:20:19 | ERROR    | Failed: https://incometaxindia.gov.in/Pages/acts/income-tax-act.aspx
2026-06-12 15:20:19 | INFO     |   incometaxindia.gov.in/Pages/rules/income-tax-rules.aspx
2026-06-12 15:20:19 | WARNING  | HTTP 403 — https://incometaxindia.gov.in/Pages/rules/income-tax-rules.a (attempt 1/3)
2026-06-12 15:20:24 | WARNING  | HTTP 403 — https://incometaxindia.gov.in/Pages/rules/income-tax-rules.a (attempt 2/3)
2026-06-12 15:20:33 | WARNING  | HTTP 403 — https://incometaxindia.gov.in/Pages/rules/income-tax-rules.a (attempt 3/3)
2026-06-12 15:20:33 | ERROR    | Failed: https://incometaxindia.gov.in/Pages/rules/income-tax-rules.a
2026-06-12 15:20:33 | INFO     |   cometaxindia.gov.in/Pages/communications/circulars.aspx
2026-06-12 15:20:36 | WARNING  | HTTP 403 — https://incometaxindia.gov.in/Pages/communications/circulars (attempt 1/3)
2026-06-12 15:20:41 | WARNING  | HTTP 403 — https://incometaxindia.gov.in/Pages/communications/circulars (attempt 2/3)
2026-06-12 15:20:50 | WARNING  | HTTP 403 — https://incometaxindia.gov.in/Pages/communications/circulars (attempt 3/3)
2026-06-12 15:20:50 | ERROR    | Failed: https://incometaxindia.gov.in/Pages/communications/circulars
2026-06-12 15:20:50 | INFO     |   taxindia.gov.in/Pages/communications/notifications.aspx
2026-06-12 15:20:51 | WARNING  | HTTP 403 — https://incometaxindia.gov.in/Pages/communications/notificat (attempt 1/3)
2026-06-12 15:20:56 | WARNING  | HTTP 403 — https://incometaxindia.gov.in/Pages/communications/notificat (attempt 2/3)
2026-06-12 15:21:05 | WARNING  | HTTP 403 — https://incometaxindia.gov.in/Pages/communications/notificat (attempt 3/3)
2026-06-12 15:21:05 | ERROR    | Failed: https://incometaxindia.gov.in/Pages/communications/notificat
2026-06-12 15:21:05 | INFO     |   ttps://incometaxindia.gov.in/Pages/utilities/forms.aspx
2026-06-12 15:21:09 | WARNING  | HTTP 403 — https://incometaxindia.gov.in/Pages/utilities/forms.aspx (attempt 1/3)
2026-06-12 15:21:14 | WARNING  | HTTP 403 — https://incometaxindia.gov.in/Pages/utilities/forms.aspx (attempt 2/3)
2026-06-12 15:21:26 | WARNING  | HTTP 403 — https://incometaxindia.gov.in/Pages/utilities/forms.aspx (attempt 3/3)
2026-06-12 15:21:26 | ERROR    | Failed: https://incometaxindia.gov.in/Pages/utilities/forms.aspx
2026-06-12 15:21:26 | INFO     | Crawled 0 PDF links from listing pages
2026-06-12 15:21:26 | INFO     | Crawled live docs: 24
2026-06-12 15:21:26 | INFO     | Curated backup docs added: 0
2026-06-12 15:21:26 | INFO     | Total compiled links: 24
2026-06-12 15:21:27 | WARNING  | HTTP 404 — https://rbidocs.rbi.org.in/rdocs/content/PDFs/FEMA22020191.P (attempt 1/3)
2026-06-12 15:21:31 | WARNING  | HTTP 404 — https://rbidocs.rbi.org.in/rdocs/content/PDFs/FEMA22020191.P (attempt 2/3)
2026-06-12 15:21:39 | WARNING  | HTTP 404 — https://rbidocs.rbi.org.in/rdocs/content/PDFs/FEMA22020191.P (attempt 3/3)
2026-06-12 15:21:39 | ERROR    | Failed: https://rbidocs.rbi.org.in/rdocs/content/PDFs/FEMA22020191.P
2026-06-12 15:21:39 | WARNING  | HTTP 404 — https://rbidocs.rbi.org.in/rdocs/content/PDFs/FEMA120190527. (attempt 1/3)
2026-06-12 15:21:43 | WARNING  | HTTP 404 — https://rbidocs.rbi.org.in/rdocs/content/PDFs/FEMA120190527. (attempt 2/3)
2026-06-12 15:21:52 | WARNING  | HTTP 404 — https://rbidocs.rbi.org.in/rdocs/content/PDFs/FEMA120190527. (attempt 3/3)
2026-06-12 15:21:52 | ERROR    | Failed: https://rbidocs.rbi.org.in/rdocs/content/PDFs/FEMA120190527.
2026-06-12 15:21:52 | WARNING  | HTTP 404 — https://rbidocs.rbi.org.in/rdocs/content/PDFs/FEMA20R3108201 (attempt 1/3)
2026-06-12 15:21:56 | WARNING  | HTTP 404 — https://rbidocs.rbi.org.in/rdocs/content/PDFs/FEMA20R3108201 (attempt 2/3)
2026-06-12 15:22:04 | WARNING  | HTTP 404 — https://rbidocs.rbi.org.in/rdocs/content/PDFs/FEMA20R3108201 (attempt 3/3)
2026-06-12 15:22:04 | ERROR    | Failed: https://rbidocs.rbi.org.in/rdocs/content/PDFs/FEMA20R3108201
2026-06-12 15:22:04 | WARNING  | HTTP 404 — https://rbidocs.rbi.org.in/rdocs/content/PDFs/MDFX01092020.P (attempt 1/3)
2026-06-12 15:22:08 | WARNING  | HTTP 404 — https://rbidocs.rbi.org.in/rdocs/content/PDFs/MDFX01092020.P (attempt 2/3)
2026-06-12 15:22:16 | WARNING  | HTTP 404 — https://rbidocs.rbi.org.in/rdocs/content/PDFs/MDFX01092020.P (attempt 3/3)
2026-06-12 15:22:16 | ERROR    | Failed: https://rbidocs.rbi.org.in/rdocs/content/PDFs/MDFX01092020.P
2026-06-12 15:22:16 | WARNING  | HTTP 404 — https://rbidocs.rbi.org.in/rdocs/content/PDFs/MDEXP01012016. (attempt 1/3)
2026-06-12 15:22:20 | WARNING  | HTTP 404 — https://rbidocs.rbi.org.in/rdocs/content/PDFs/MDEXP01012016. (attempt 2/3)
2026-06-12 15:22:28 | WARNING  | HTTP 404 — https://rbidocs.rbi.org.in/rdocs/content/PDFs/MDEXP01012016. (attempt 3/3)
2026-06-12 15:22:28 | ERROR    | Failed: https://rbidocs.rbi.org.in/rdocs/content/PDFs/MDEXP01012016.
2026-06-12 15:22:28 | INFO     | 
============================================================
2026-06-12 15:22:28 | INFO     | SCRAPING COMPLETE — FEMA + Income Tax
2026-06-12 15:22:28 | INFO     |   ✓ Downloaded:  0 PDFs
2026-06-12 15:22:28 | INFO     |   ✗ Failed:      5 PDFs
2026-06-12 15:22:28 | INFO     |   💾 Total size: 0.0 MB
2026-06-12 15:22:28 | INFO     |   📁 Saved to:   C:\Users\Sahil Karande\OneDrive\Desktop\Projects\Vidi\data\fema
2026-06-12 15:22:28 | INFO     | ============================================================
2026-06-12 15:22:28 | INFO     | 
Next steps:
2026-06-12 15:22:28 | INFO     |   python pipeline/chunker.py --corpus fema
2026-06-12 15:22:28 | INFO     |   python pipeline/embedder.py --corpus fema
2026-06-12 15:22:28 | INFO     |   python pipeline/indexer.py --corpus fema --verify
2026-06-12 15:25:09 | INFO     | ============================================================
2026-06-12 15:25:09 | INFO     | Vidi FEMA + Income Tax Scraper
2026-06-12 15:25:09 | INFO     | Target collection: 'fema'
2026-06-12 15:25:09 | INFO     | Running Test Limit Mode: 5 PDFs
2026-06-12 15:25:09 | INFO     | ============================================================
2026-06-12 15:25:09 | INFO     | Crawling 7 FEMA/IncomeTax listing pages...
2026-06-12 15:25:09 | INFO     |   Targeting: https://www.rbi.org.in/Scripts/Fema.aspx
2026-06-12 15:25:13 | INFO     |   Targeting: https://www.rbi.org.in/Scripts/BS_FemaNotifications.aspx
2026-06-12 15:25:15 | INFO     |   Targeting: https://incometaxindia.gov.in/Pages/acts/income-tax-act.aspx
2026-06-12 15:25:20 | WARNING  | HTTP 404 — https://incometaxindia.gov.in/Pages/acts/income-ta (attempt 1/3)
2026-06-12 15:25:26 | WARNING  | HTTP 404 — https://incometaxindia.gov.in/Pages/acts/income-ta (attempt 2/3)
2026-06-12 15:25:35 | WARNING  | HTTP 404 — https://incometaxindia.gov.in/Pages/acts/income-ta (attempt 3/3)
2026-06-12 15:25:35 | ERROR    | Failed: https://incometaxindia.gov.in/Pages/acts/income-ta
2026-06-12 15:25:35 | INFO     |   Targeting: https://incometaxindia.gov.in/Pages/rules/income-tax-rules.aspx
2026-06-12 15:25:38 | WARNING  | HTTP 404 — https://incometaxindia.gov.in/Pages/rules/income-t (attempt 1/3)
2026-06-12 15:25:44 | WARNING  | HTTP 404 — https://incometaxindia.gov.in/Pages/rules/income-t (attempt 2/3)
2026-06-12 15:25:53 | WARNING  | HTTP 404 — https://incometaxindia.gov.in/Pages/rules/income-t (attempt 3/3)
2026-06-12 15:25:53 | ERROR    | Failed: https://incometaxindia.gov.in/Pages/rules/income-t
2026-06-12 15:25:53 | INFO     |   Targeting: https://incometaxindia.gov.in/Pages/communications/circulars.aspx
2026-06-12 15:25:56 | WARNING  | HTTP 404 — https://incometaxindia.gov.in/Pages/communications (attempt 1/3)
2026-06-12 15:25:59 | WARNING  | HTTP 404 — https://incometaxindia.gov.in/Pages/communications (attempt 2/3)
2026-06-12 15:26:06 | WARNING  | HTTP 404 — https://incometaxindia.gov.in/Pages/communications (attempt 3/3)
2026-06-12 15:26:06 | ERROR    | Failed: https://incometaxindia.gov.in/Pages/communications
2026-06-12 15:26:06 | INFO     |   Targeting: https://incometaxindia.gov.in/Pages/communications/notifications.aspx
2026-06-12 15:26:07 | WARNING  | HTTP 404 — https://incometaxindia.gov.in/Pages/communications (attempt 1/3)
2026-06-12 15:26:10 | WARNING  | HTTP 404 — https://incometaxindia.gov.in/Pages/communications (attempt 2/3)
2026-06-12 15:26:19 | WARNING  | HTTP 404 — https://incometaxindia.gov.in/Pages/communications (attempt 3/3)
2026-06-12 15:26:19 | ERROR    | Failed: https://incometaxindia.gov.in/Pages/communications
2026-06-12 15:26:19 | INFO     |   Targeting: https://incometaxindia.gov.in/Pages/utilities/forms.aspx
2026-06-12 15:26:19 | WARNING  | HTTP 404 — https://incometaxindia.gov.in/Pages/utilities/form (attempt 1/3)
2026-06-12 15:26:25 | WARNING  | HTTP 404 — https://incometaxindia.gov.in/Pages/utilities/form (attempt 2/3)
2026-06-12 15:26:31 | WARNING  | HTTP 404 — https://incometaxindia.gov.in/Pages/utilities/form (attempt 3/3)
2026-06-12 15:26:31 | ERROR    | Failed: https://incometaxindia.gov.in/Pages/utilities/form
2026-06-12 15:26:31 | INFO     | Crawled 0 live document links successfully.
2026-06-12 15:26:31 | INFO     | Live crawling returned zero records. Triggering fallback data structures...
2026-06-12 15:26:31 | INFO     | Total actionable URLs compiled: 1
2026-06-12 15:26:32 | WARNING  | HTTP 404 — https://rbidocs.rbi.org.in/rdocs/content/pdfs/7222 (attempt 1/3)
2026-06-12 15:26:36 | WARNING  | HTTP 404 — https://rbidocs.rbi.org.in/rdocs/content/pdfs/7222 (attempt 2/3)
2026-06-12 15:26:42 | WARNING  | HTTP 404 — https://rbidocs.rbi.org.in/rdocs/content/pdfs/7222 (attempt 3/3)
2026-06-12 15:26:42 | ERROR    | Failed: https://rbidocs.rbi.org.in/rdocs/content/pdfs/7222
2026-06-12 15:26:42 | INFO     | 
============================================================
2026-06-12 15:26:42 | INFO     | SCRAPING COMPLETE — FEMA + Income Tax
2026-06-12 15:26:42 | INFO     |   ✓ Downloaded:  0 PDFs
2026-06-12 15:26:42 | INFO     |   ✗ Failed:      1 PDFs
2026-06-12 15:26:42 | INFO     |   💾 Storage Size: 0.00 MB
2026-06-12 15:26:42 | INFO     | ============================================================
2026-06-12 15:30:45 | INFO     | ============================================================
2026-06-12 15:30:45 | INFO     | Vidi FEMA + Income Tax Scraper
2026-06-12 15:30:45 | INFO     | Target collection: 'fema'
2026-06-12 15:30:45 | INFO     | Running Test Limit Mode: 5 PDFs
2026-06-12 15:30:45 | INFO     | ============================================================
2026-06-12 15:30:45 | INFO     | Crawling 7 FEMA/IncomeTax listing pages...
2026-06-12 15:30:45 | INFO     |   Targeting: https://www.rbi.org.in/Scripts/Fema.aspx
2026-06-12 15:30:48 | INFO     |   Targeting: https://www.rbi.org.in/Scripts/BS_FemaNotifications.aspx
2026-06-12 15:30:50 | INFO     |   Targeting: https://incometaxindia.gov.in/Pages/acts/income-tax-act.aspx
2026-06-12 15:30:55 | WARNING  | HTTP 404 — https://incometaxindia.gov.in/Pages/acts/income-ta (attempt 1/3)
2026-06-12 15:31:01 | WARNING  | HTTP 404 — https://incometaxindia.gov.in/Pages/acts/income-ta (attempt 2/3)
2026-06-12 15:31:10 | WARNING  | HTTP 404 — https://incometaxindia.gov.in/Pages/acts/income-ta (attempt 3/3)
2026-06-12 15:31:10 | ERROR    | Failed: https://incometaxindia.gov.in/Pages/acts/income-ta
2026-06-12 15:31:10 | INFO     |   Targeting: https://incometaxindia.gov.in/Pages/rules/income-tax-rules.aspx
2026-06-12 15:31:13 | WARNING  | HTTP 404 — https://incometaxindia.gov.in/Pages/rules/income-t (attempt 1/3)
2026-06-12 15:31:19 | WARNING  | HTTP 404 — https://incometaxindia.gov.in/Pages/rules/income-t (attempt 2/3)
2026-06-12 15:31:28 | WARNING  | HTTP 404 — https://incometaxindia.gov.in/Pages/rules/income-t (attempt 3/3)
2026-06-12 15:31:28 | ERROR    | Failed: https://incometaxindia.gov.in/Pages/rules/income-t
2026-06-12 15:31:28 | INFO     |   Targeting: https://incometaxindia.gov.in/Pages/communications/circulars.aspx
2026-06-12 15:31:31 | WARNING  | HTTP 404 — https://incometaxindia.gov.in/Pages/communications (attempt 1/3)
2026-06-12 15:31:37 | WARNING  | HTTP 404 — https://incometaxindia.gov.in/Pages/communications (attempt 2/3)
2026-06-12 15:31:48 | WARNING  | HTTP 404 — https://incometaxindia.gov.in/Pages/communications (attempt 3/3)
2026-06-12 15:31:48 | ERROR    | Failed: https://incometaxindia.gov.in/Pages/communications
2026-06-12 15:31:48 | INFO     |   Targeting: https://incometaxindia.gov.in/Pages/communications/notifications.aspx
2026-06-12 15:31:51 | WARNING  | HTTP 404 — https://incometaxindia.gov.in/Pages/communications (attempt 1/3)
2026-06-12 15:31:57 | WARNING  | HTTP 404 — https://incometaxindia.gov.in/Pages/communications (attempt 2/3)
2026-06-12 15:32:06 | WARNING  | HTTP 404 — https://incometaxindia.gov.in/Pages/communications (attempt 3/3)
2026-06-12 15:32:06 | ERROR    | Failed: https://incometaxindia.gov.in/Pages/communications
2026-06-12 15:32:06 | INFO     |   Targeting: https://incometaxindia.gov.in/Pages/utilities/forms.aspx
2026-06-12 15:32:09 | WARNING  | HTTP 404 — https://incometaxindia.gov.in/Pages/utilities/form (attempt 1/3)
2026-06-12 15:32:13 | WARNING  | HTTP 404 — https://incometaxindia.gov.in/Pages/utilities/form (attempt 2/3)
2026-06-12 15:32:22 | WARNING  | HTTP 404 — https://incometaxindia.gov.in/Pages/utilities/form (attempt 3/3)
2026-06-12 15:32:22 | ERROR    | Failed: https://incometaxindia.gov.in/Pages/utilities/form
2026-06-12 15:32:22 | INFO     | Crawled 0 live document links successfully.
2026-06-12 15:32:22 | INFO     | Live crawling returned zero records. Triggering fallback data structures...
2026-06-12 15:32:22 | INFO     | Total actionable URLs compiled: 2
2026-06-12 15:32:24 | WARNING  | HTTP 404 — https://www.wipo.int/export/sites/www/directory/en (attempt 1/3)
2026-06-12 15:32:27 | WARNING  | HTTP 404 — https://www.wipo.int/export/sites/www/directory/en (attempt 2/3)
2026-06-12 15:32:34 | WARNING  | HTTP 404 — https://www.wipo.int/export/sites/www/directory/en (attempt 3/3)
2026-06-12 15:32:34 | ERROR    | Failed: https://www.wipo.int/export/sites/www/directory/en
2026-06-12 15:32:36 | WARNING  | HTTP 404 — https://legislative.gov.in/sites/default/files/A20 (attempt 1/3)
2026-06-12 15:32:39 | WARNING  | HTTP 404 — https://legislative.gov.in/sites/default/files/A20 (attempt 2/3)
2026-06-12 15:32:45 | WARNING  | HTTP 404 — https://legislative.gov.in/sites/default/files/A20 (attempt 3/3)
2026-06-12 15:32:45 | ERROR    | Failed: https://legislative.gov.in/sites/default/files/A20
2026-06-12 15:32:45 | INFO     | 
============================================================
2026-06-12 15:32:45 | INFO     | SCRAPING COMPLETE — FEMA + Income Tax
2026-06-12 15:32:45 | INFO     |   ✓ Downloaded:  0 PDFs
2026-06-12 15:32:45 | INFO     |   ✗ Failed:      2 PDFs
2026-06-12 15:32:45 | INFO     |   💾 Storage Size: 0.00 MB
2026-06-12 15:32:45 | INFO     | ============================================================
2026-06-12 21:56:47 | INFO     | ============================================================
2026-06-12 21:56:47 | INFO     | Vidi FEMA + Income Tax Scraper
2026-06-12 21:56:47 | INFO     | Target collection: 'fema'
2026-06-12 21:56:47 | INFO     | Running Test Limit Mode: 5 PDFs
2026-06-12 21:56:47 | INFO     | ============================================================
2026-06-12 21:56:47 | INFO     | Crawling 7 FEMA/IncomeTax listing pages...
2026-06-12 21:56:47 | INFO     |   Targeting: https://www.rbi.org.in/Scripts/Fema.aspx
2026-06-12 21:56:50 | INFO     |   Targeting: https://www.rbi.org.in/Scripts/BS_FemaNotifications.aspx
2026-06-12 21:56:52 | INFO     |   Targeting: https://incometaxindia.gov.in/Pages/acts/income-tax-act.aspx
2026-06-12 21:56:57 | WARNING  | HTTP 404 — https://incometaxindia.gov.in/Pages/acts/income-tax-act.aspx (attempt 1/3)
2026-06-12 21:57:02 | WARNING  | HTTP 404 — https://incometaxindia.gov.in/Pages/acts/income-tax-act.aspx (attempt 2/3)
2026-06-12 21:57:09 | WARNING  | HTTP 404 — https://incometaxindia.gov.in/Pages/acts/income-tax-act.aspx (attempt 3/3)
2026-06-12 21:57:09 | ERROR    | Failed completely on: https://incometaxindia.gov.in/Pages/acts/income-tax-act.aspx
2026-06-12 21:57:09 | INFO     |   Targeting: https://incometaxindia.gov.in/Pages/rules/income-tax-rules.aspx
2026-06-12 21:57:12 | WARNING  | HTTP 404 — https://incometaxindia.gov.in/Pages/rules/income-tax-rules.aspx (attempt 1/3)
2026-06-12 21:57:18 | WARNING  | HTTP 404 — https://incometaxindia.gov.in/Pages/rules/income-tax-rules.aspx (attempt 2/3)
2026-06-12 21:57:25 | WARNING  | HTTP 404 — https://incometaxindia.gov.in/Pages/rules/income-tax-rules.aspx (attempt 3/3)
2026-06-12 21:57:25 | ERROR    | Failed completely on: https://incometaxindia.gov.in/Pages/rules/income-tax-rules.aspx
2026-06-12 21:57:25 | INFO     |   Targeting: https://incometaxindia.gov.in/Pages/communications/circulars.aspx
2026-06-12 21:57:28 | WARNING  | HTTP 404 — https://incometaxindia.gov.in/Pages/communications/circulars.aspx (attempt 1/3)
2026-06-12 21:57:33 | WARNING  | HTTP 404 — https://incometaxindia.gov.in/Pages/communications/circulars.aspx (attempt 2/3)
2026-06-12 21:57:40 | WARNING  | HTTP 404 — https://incometaxindia.gov.in/Pages/communications/circulars.aspx (attempt 3/3)
2026-06-12 21:57:40 | ERROR    | Failed completely on: https://incometaxindia.gov.in/Pages/communications/circulars.aspx
2026-06-12 21:57:40 | INFO     |   Targeting: https://incometaxindia.gov.in/Pages/communications/notifications.aspx
2026-06-12 21:57:43 | WARNING  | HTTP 404 — https://incometaxindia.gov.in/Pages/communications/notifications.aspx (attempt 1/3)
2026-06-12 21:57:48 | WARNING  | HTTP 404 — https://incometaxindia.gov.in/Pages/communications/notifications.aspx (attempt 2/3)
2026-06-12 21:57:55 | WARNING  | HTTP 404 — https://incometaxindia.gov.in/Pages/communications/notifications.aspx (attempt 3/3)
2026-06-12 21:57:55 | ERROR    | Failed completely on: https://incometaxindia.gov.in/Pages/communications/notifications.aspx
2026-06-12 21:57:55 | INFO     |   Targeting: https://incometaxindia.gov.in/Pages/utilities/forms.aspx
2026-06-12 21:57:58 | WARNING  | HTTP 404 — https://incometaxindia.gov.in/Pages/utilities/forms.aspx (attempt 1/3)
2026-06-12 21:58:03 | WARNING  | HTTP 404 — https://incometaxindia.gov.in/Pages/utilities/forms.aspx (attempt 2/3)
2026-06-12 21:58:10 | WARNING  | HTTP 404 — https://incometaxindia.gov.in/Pages/utilities/forms.aspx (attempt 3/3)
2026-06-12 21:58:10 | ERROR    | Failed completely on: https://incometaxindia.gov.in/Pages/utilities/forms.aspx
2026-06-12 21:58:10 | INFO     | Crawled 0 live document links successfully.
2026-06-12 21:58:10 | INFO     | Live crawling returned zero records. Triggering fallback data structures...
2026-06-12 21:58:10 | INFO     | Total actionable URLs compiled: 2
2026-06-12 21:58:12 | WARNING  | HTTP 404 — https://www.wipo.int/export/sites/www/directory/en/legal_texts/pdf/in019en.pdf (attempt 1/3)
2026-06-12 21:58:15 | WARNING  | HTTP 404 — https://www.wipo.int/export/sites/www/directory/en/legal_texts/pdf/in019en.pdf (attempt 2/3)
2026-06-12 21:58:19 | WARNING  | HTTP 404 — https://www.wipo.int/export/sites/www/directory/en/legal_texts/pdf/in019en.pdf (attempt 3/3)
2026-06-12 21:58:19 | ERROR    | Failed completely on: https://www.wipo.int/export/sites/www/directory/en/legal_texts/pdf/in019en.pdf
2026-06-12 21:58:21 | WARNING  | HTTP 404 — https://legislative.gov.in/sites/default/files/A2000-42_0.pdf (attempt 1/3)
2026-06-12 21:58:23 | WARNING  | HTTP 404 — https://legislative.gov.in/sites/default/files/A2000-42_0.pdf (attempt 2/3)
2026-06-12 21:58:27 | WARNING  | HTTP 404 — https://legislative.gov.in/sites/default/files/A2000-42_0.pdf (attempt 3/3)
2026-06-12 21:58:27 | ERROR    | Failed completely on: https://legislative.gov.in/sites/default/files/A2000-42_0.pdf
2026-06-12 21:58:27 | INFO     | 
============================================================
2026-06-12 21:58:27 | INFO     | SCRAPING COMPLETE — FEMA + Income Tax
2026-06-12 21:58:27 | INFO     |   ✓ Downloaded:  0 PDFs
2026-06-12 21:58:27 | INFO     |   ✗ Failed:      2 PDFs
2026-06-12 21:58:27 | INFO     |   💾 Storage Size: 0.00 MB
2026-06-12 21:58:27 | INFO     | ============================================================
2026-06-12 22:08:49 | INFO     | ============================================================
2026-06-12 22:08:49 | INFO     | Vidi FEMA + Income Tax Scraper
2026-06-12 22:08:49 | INFO     | Target collection: 'fema'
2026-06-12 22:08:49 | INFO     | Running Test Limit Mode: 5 PDFs
2026-06-12 22:08:49 | INFO     | ============================================================
2026-06-12 22:08:50 | INFO     | Crawling 7 FEMA/IncomeTax listing pages...
2026-06-12 22:08:50 | INFO     |   Targeting: https://www.rbi.org.in/Scripts/Fema.aspx
2026-06-12 22:08:53 | INFO     |   Targeting: https://www.rbi.org.in/Scripts/BS_FemaNotifications.aspx
2026-06-12 22:08:56 | INFO     |   Targeting: https://incometaxindia.gov.in/Pages/acts/income-tax-act.aspx
2026-06-12 22:09:01 | WARNING  | HTTP 404 — https://incometaxindia.gov.in/Pages/acts/income-tax-act.aspx (attempt 1/3)
2026-06-12 22:09:06 | WARNING  | HTTP 404 — https://incometaxindia.gov.in/Pages/acts/income-tax-act.aspx (attempt 2/3)
2026-06-12 22:09:14 | WARNING  | HTTP 404 — https://incometaxindia.gov.in/Pages/acts/income-tax-act.aspx (attempt 3/3)
2026-06-12 22:09:14 | ERROR    | Failed completely on: https://incometaxindia.gov.in/Pages/acts/income-tax-act.aspx
2026-06-12 22:09:14 | INFO     |   Targeting: https://incometaxindia.gov.in/Pages/rules/income-tax-rules.aspx
2026-06-12 22:09:16 | WARNING  | HTTP 404 — https://incometaxindia.gov.in/Pages/rules/income-tax-rules.aspx (attempt 1/3)
2026-06-12 22:09:21 | WARNING  | HTTP 404 — https://incometaxindia.gov.in/Pages/rules/income-tax-rules.aspx (attempt 2/3)
2026-06-12 22:09:29 | WARNING  | HTTP 404 — https://incometaxindia.gov.in/Pages/rules/income-tax-rules.aspx (attempt 3/3)
2026-06-12 22:09:29 | ERROR    | Failed completely on: https://incometaxindia.gov.in/Pages/rules/income-tax-rules.aspx
2026-06-12 22:09:29 | INFO     |   Targeting: https://incometaxindia.gov.in/Pages/communications/circulars.aspx
2026-06-12 22:09:33 | WARNING  | HTTP 404 — https://incometaxindia.gov.in/Pages/communications/circulars.aspx (attempt 1/3)
2026-06-12 22:09:37 | WARNING  | HTTP 404 — https://incometaxindia.gov.in/Pages/communications/circulars.aspx (attempt 2/3)
2026-06-12 22:09:44 | WARNING  | HTTP 404 — https://incometaxindia.gov.in/Pages/communications/circulars.aspx (attempt 3/3)
2026-06-12 22:09:44 | ERROR    | Failed completely on: https://incometaxindia.gov.in/Pages/communications/circulars.aspx
2026-06-12 22:09:44 | INFO     |   Targeting: https://incometaxindia.gov.in/Pages/communications/notifications.aspx
2026-06-12 22:09:47 | WARNING  | HTTP 404 — https://incometaxindia.gov.in/Pages/communications/notifications.aspx (attempt 1/3)
2026-06-12 22:09:52 | WARNING  | HTTP 404 — https://incometaxindia.gov.in/Pages/communications/notifications.aspx (attempt 2/3)
2026-06-12 22:09:59 | WARNING  | HTTP 404 — https://incometaxindia.gov.in/Pages/communications/notifications.aspx (attempt 3/3)
2026-06-12 22:09:59 | ERROR    | Failed completely on: https://incometaxindia.gov.in/Pages/communications/notifications.aspx
2026-06-12 22:09:59 | INFO     |   Targeting: https://incometaxindia.gov.in/Pages/utilities/forms.aspx
2026-06-12 22:10:02 | WARNING  | HTTP 404 — https://incometaxindia.gov.in/Pages/utilities/forms.aspx (attempt 1/3)
2026-06-12 22:10:07 | WARNING  | HTTP 404 — https://incometaxindia.gov.in/Pages/utilities/forms.aspx (attempt 2/3)
2026-06-12 22:10:14 | WARNING  | HTTP 404 — https://incometaxindia.gov.in/Pages/utilities/forms.aspx (attempt 3/3)
2026-06-12 22:10:14 | ERROR    | Failed completely on: https://incometaxindia.gov.in/Pages/utilities/forms.aspx
2026-06-12 22:10:14 | INFO     | Crawled 0 live document links successfully.
2026-06-12 22:10:14 | INFO     | Live crawling restricted by server firewalls. Triggering high-availability open fallbacks...
2026-06-12 22:10:14 | INFO     | Total actionable URLs compiled: 2
2026-06-12 22:10:16 | WARNING  | HTTP 404 — https://legislative.gov.in/sites/default/files/A1961-43.pdf (attempt 1/3)
2026-06-12 22:10:18 | WARNING  | HTTP 404 — https://legislative.gov.in/sites/default/files/A1961-43.pdf (attempt 2/3)
2026-06-12 22:10:23 | WARNING  | HTTP 404 — https://legislative.gov.in/sites/default/files/A1961-43.pdf (attempt 3/3)
2026-06-12 22:10:23 | ERROR    | Failed completely on: https://legislative.gov.in/sites/default/files/A1961-43.pdf
2026-06-12 22:10:23 | WARNING  | HTTP 404 — https://legislative.gov.in/sites/default/files/A2000-42_0.pdf (attempt 1/3)
2026-06-12 22:10:25 | WARNING  | HTTP 404 — https://legislative.gov.in/sites/default/files/A2000-42_0.pdf (attempt 2/3)
2026-06-12 22:10:29 | WARNING  | HTTP 404 — https://legislative.gov.in/sites/default/files/A2000-42_0.pdf (attempt 3/3)
2026-06-12 22:10:29 | ERROR    | Failed completely on: https://legislative.gov.in/sites/default/files/A2000-42_0.pdf
2026-06-12 22:10:29 | INFO     | 
============================================================
2026-06-12 22:10:29 | INFO     | SCRAPING COMPLETE — FEMA + Income Tax
2026-06-12 22:10:29 | INFO     |   ✓ Downloaded:  0 PDFs
2026-06-12 22:10:29 | INFO     |   ✗ Failed:      2 PDFs
2026-06-12 22:10:29 | INFO     |   💾 Storage Size: 0.00 MB
2026-06-12 22:10:29 | INFO     | ============================================================
2026-06-12 22:13:04 | INFO     | ============================================================
2026-06-12 22:13:04 | INFO     | Vidi FEMA + Income Tax Scraper
2026-06-12 22:13:04 | INFO     | Target collection: 'fema'
2026-06-12 22:13:04 | INFO     | Running Test Limit Mode: 5 PDFs
2026-06-12 22:13:04 | INFO     | ============================================================
2026-06-12 22:13:05 | INFO     | Crawling 7 FEMA/IncomeTax listing pages...
2026-06-12 22:13:05 | INFO     |   Targeting: https://www.rbi.org.in/Scripts/Fema.aspx
2026-06-12 22:13:08 | INFO     |   Targeting: https://www.rbi.org.in/Scripts/BS_FemaNotifications.aspx
2026-06-12 22:13:11 | INFO     |   Targeting: https://incometaxindia.gov.in/Pages/acts/income-tax-act.aspx
2026-06-12 22:13:15 | WARNING  | HTTP 404 — https://incometaxindia.gov.in/Pages/acts/income-tax-act.aspx (attempt 1/3)
2026-06-12 22:13:20 | WARNING  | HTTP 404 — https://incometaxindia.gov.in/Pages/acts/income-tax-act.aspx (attempt 2/3)
2026-06-12 22:13:27 | WARNING  | HTTP 404 — https://incometaxindia.gov.in/Pages/acts/income-tax-act.aspx (attempt 3/3)
2026-06-12 22:13:27 | ERROR    | Failed completely on: https://incometaxindia.gov.in/Pages/acts/income-tax-act.aspx
2026-06-12 22:13:27 | INFO     |   Targeting: https://incometaxindia.gov.in/Pages/rules/income-tax-rules.aspx
2026-06-12 22:13:30 | WARNING  | HTTP 404 — https://incometaxindia.gov.in/Pages/rules/income-tax-rules.aspx (attempt 1/3)
2026-06-12 22:13:35 | WARNING  | HTTP 404 — https://incometaxindia.gov.in/Pages/rules/income-tax-rules.aspx (attempt 2/3)
2026-06-12 22:13:43 | WARNING  | HTTP 404 — https://incometaxindia.gov.in/Pages/rules/income-tax-rules.aspx (attempt 3/3)
2026-06-12 22:13:43 | ERROR    | Failed completely on: https://incometaxindia.gov.in/Pages/rules/income-tax-rules.aspx
2026-06-12 22:13:43 | INFO     |   Targeting: https://incometaxindia.gov.in/Pages/communications/circulars.aspx
2026-06-12 22:13:45 | WARNING  | HTTP 404 — https://incometaxindia.gov.in/Pages/communications/circulars.aspx (attempt 1/3)
2026-06-12 22:13:50 | WARNING  | HTTP 404 — https://incometaxindia.gov.in/Pages/communications/circulars.aspx (attempt 2/3)
2026-06-12 22:13:57 | WARNING  | HTTP 404 — https://incometaxindia.gov.in/Pages/communications/circulars.aspx (attempt 3/3)
2026-06-12 22:13:57 | ERROR    | Failed completely on: https://incometaxindia.gov.in/Pages/communications/circulars.aspx
2026-06-12 22:13:57 | INFO     |   Targeting: https://incometaxindia.gov.in/Pages/communications/notifications.aspx
2026-06-12 22:14:00 | WARNING  | HTTP 404 — https://incometaxindia.gov.in/Pages/communications/notifications.aspx (attempt 1/3)
2026-06-12 22:14:05 | WARNING  | HTTP 404 — https://incometaxindia.gov.in/Pages/communications/notifications.aspx (attempt 2/3)
2026-06-12 22:14:12 | WARNING  | HTTP 404 — https://incometaxindia.gov.in/Pages/communications/notifications.aspx (attempt 3/3)
2026-06-12 22:14:12 | ERROR    | Failed completely on: https://incometaxindia.gov.in/Pages/communications/notifications.aspx
2026-06-12 22:14:12 | INFO     |   Targeting: https://incometaxindia.gov.in/Pages/utilities/forms.aspx
2026-06-12 22:14:15 | WARNING  | HTTP 404 — https://incometaxindia.gov.in/Pages/utilities/forms.aspx (attempt 1/3)
2026-06-12 22:14:21 | WARNING  | HTTP 404 — https://incometaxindia.gov.in/Pages/utilities/forms.aspx (attempt 2/3)
2026-06-12 22:14:28 | WARNING  | HTTP 404 — https://incometaxindia.gov.in/Pages/utilities/forms.aspx (attempt 3/3)
2026-06-12 22:14:28 | ERROR    | Failed completely on: https://incometaxindia.gov.in/Pages/utilities/forms.aspx
2026-06-12 22:14:28 | INFO     | Crawled 0 live document links successfully.
2026-06-12 22:14:28 | INFO     | Live crawling restricted by server firewalls. Triggering high-availability open fallbacks...
2026-06-12 22:14:28 | INFO     | Total actionable URLs compiled: 2
2026-06-12 22:14:30 | WARNING  | HTTP 404 — https://legislative.gov.in/sites/default/files/A1961-43.pdf (Standalone)
2026-06-12 22:14:32 | WARNING  | HTTP 404 — https://legislative.gov.in/sites/default/files/A2000-42_0.pdf (Standalone)
2026-06-12 22:14:32 | INFO     | 
============================================================
2026-06-12 22:14:32 | INFO     | SCRAPING COMPLETE — FEMA + Income Tax
2026-06-12 22:14:32 | INFO     |   ✓ Downloaded:  0 PDFs
2026-06-12 22:14:32 | INFO     |   ✗ Failed:      2 PDFs
2026-06-12 22:14:32 | INFO     |   💾 Storage Size: 0.00 MB
2026-06-12 22:14:32 | INFO     | ============================================================
