2026-06-11 23:28:15 | INFO     | Logs → C:\Users\Sahil Karande\OneDrive\Desktop\Projects\Vidi\data\mca\scraper.log
2026-06-11 23:28:15 | INFO     | ============================================================
2026-06-11 23:28:15 | INFO     | RegIQ Engine Ingestion Process -> Domain: MCA
2026-06-11 23:28:15 | INFO     | Output Directory Path: C:\Users\Sahil Karande\OneDrive\Desktop\Projects\Vidi\data\mca
2026-06-11 23:28:15 | INFO     | ============================================================
2026-06-11 23:28:15 | INFO     | Initialized local indexing trace: C:\Users\Sahil Karande\OneDrive\Desktop\Projects\Vidi\data\mca\index.csv
2026-06-11 23:28:15 | INFO     | Parsing root seed configurations...
2026-06-11 23:28:15 | INFO     | Connecting to link: https://www.mca.gov.in/content/mca/global/en/notifications/circulars.html
2026-06-11 23:28:21 | WARNING  | Rate limited (HTTP 403) on https://www.mca.gov.in/content/mca/global/en/notifications/circulars.html. Cooling off for 25s...
2026-06-11 23:28:47 | WARNING  | Rate limited (HTTP 403) on https://www.mca.gov.in/content/mca/global/en/notifications/circulars.html. Cooling off for 50s...
2026-06-11 23:29:37 | WARNING  | Rate limited (HTTP 403) on https://www.mca.gov.in/content/mca/global/en/notifications/circulars.html. Cooling off for 75s...
2026-06-11 23:30:52 | ERROR    | Failed after 3 attempts: https://www.mca.gov.in/content/mca/global/en/notifications/circulars.html
2026-06-11 23:30:52 | INFO     | Connecting to link: https://www.mca.gov.in/content/mca/global/en/acts-rules/notifications.html
2026-06-11 23:30:57 | WARNING  | Rate limited (HTTP 403) on https://www.mca.gov.in/content/mca/global/en/acts-rules/notifications.html. Cooling off for 25s...
2026-06-11 23:31:22 | WARNING  | Rate limited (HTTP 403) on https://www.mca.gov.in/content/mca/global/en/acts-rules/notifications.html. Cooling off for 50s...
2026-06-11 23:32:13 | WARNING  | Rate limited (HTTP 403) on https://www.mca.gov.in/content/mca/global/en/acts-rules/notifications.html. Cooling off for 75s...
2026-06-11 23:33:28 | ERROR    | Failed after 3 attempts: https://www.mca.gov.in/content/mca/global/en/acts-rules/notifications.html
2026-06-11 23:33:28 | WARNING  | Ingestion list resolution empty for target system MCA.
2026-06-11 23:33:28 | INFO     | Comprehensive extraction run complete. Total documents added across workspace: 35
2026-06-11 23:48:41 | INFO     | Starting Ingestion Run -> MCA
2026-06-11 23:48:41 | INFO     | Connecting to data node: https://www.mca.gov.in/Ministry/pdf/
2026-06-11 23:49:44 | WARNING  | No documents resolved for context: MCA
2026-06-11 23:51:20 | INFO     | Starting Ingestion Run -> MCA
2026-06-11 23:51:20 | INFO     | Connecting to data node: https://ca2013.com/notifications/
2026-06-11 23:51:24 | WARNING  | No documents resolved for context: MCA
2026-06-11 23:52:29 | INFO     | Starting Ingestion Run -> MCA
2026-06-11 23:52:29 | INFO     | Connecting to data node: https://ca2013.com/notifications/
2026-06-11 23:52:33 | WARNING  | Web scraper yielded low results for MCA. Activating direct static fallback array...
2026-06-11 23:52:33 | INFO     | Executing payload downloader. Queue contains 19 items.
2026-06-12 00:13:00 | INFO     | Successfully processed 0 documents for MCA
2026-06-12 00:14:29 | INFO     | Starting Ingestion Run -> MCA
2026-06-12 00:14:29 | INFO     | Connecting to data node: https://ca2013.com/notifications/
2026-06-12 00:14:33 | WARNING  | Web scraper yielded low results for MCA. Activating direct static fallback array...
2026-06-12 00:14:33 | INFO     | Executing payload downloader. Queue contains 18 items.
2026-06-12 00:18:05 | INFO     | Successfully processed 0 documents for MCA
2026-06-12 00:19:17 | INFO     | Starting Ingestion Run -> MCA
2026-06-12 00:19:17 | INFO     | Connecting to data node: https://ca2013.com/notifications/
2026-06-12 00:19:22 | WARNING  | Web scraper yielded low results for MCA. Activating direct static fallback array...
2026-06-12 00:19:22 | INFO     | Executing payload downloader. Queue contains 5 items.
2026-06-12 00:22:58 | INFO     | Successfully processed 0 documents for MCA
2026-06-12 00:24:19 | INFO     | Starting Ingestion Run -> MCA
2026-06-12 00:24:19 | INFO     | Connecting to data node: https://ca2013.com/notifications/
2026-06-12 00:24:24 | WARNING  | Web scraper yielded low results for MCA. Activating direct static fallback array...
2026-06-12 00:24:24 | INFO     | Executing payload downloader. Queue contains 5 items.
2026-06-12 00:25:51 | INFO     | Successfully processed 5 documents for MCA
2026-06-12 00:27:47 | INFO     | Starting Ingestion Run -> MCA
2026-06-12 00:27:47 | INFO     | Connecting to data node: https://ca2013.com/notifications/
2026-06-12 00:27:52 | WARNING  | Web scraper yielded low results for MCA. Activating direct static fallback array...
2026-06-12 00:27:52 | INFO     | Executing payload downloader. Queue contains 5 items.
2026-06-12 00:27:52 | INFO     | Successfully processed 5 documents for MCA
2026-06-12 00:27:52 | INFO     | Comprehensive pipeline sync finalized. Total database items collected: 85
2026-06-12 00:31:31 | INFO     | Starting Ingestion Run -> MCA
2026-06-12 00:31:31 | INFO     | Connecting to data node: https://ca2013.com/notifications/
2026-06-12 00:31:36 | WARNING  | Web scraper yielded low results for MCA. Activating direct static fallback array...
2026-06-12 00:31:36 | INFO     | Executing payload downloader. Queue contains 5 items.
2026-06-12 00:31:36 | INFO     | Successfully processed 5 documents for MCA
2026-06-12 00:31:36 | INFO     | Comprehensive pipeline sync finalized. Total database items collected: 85
2026-06-12 01:19:20 | INFO     | Starting Ingestion Run -> MCA
2026-06-12 01:19:20 | INFO     | Connecting to data node: https://ca2013.com/notifications/
2026-06-12 01:19:25 | WARNING  | Expanding ingestion target queue for MCA to guarantee 200+ doc milestone...
2026-06-12 01:19:25 | INFO     | Executing payload downloader. Queue contains 54 items.
2026-06-12 01:39:22 | INFO     | Successfully processed 54 documents for MCA
2026-06-12 01:39:22 | INFO     | Comprehensive pipeline sync finalized. Total database items collected: 251
2026-06-12 07:59:43 | INFO     | Starting Ingestion Run -> MCA
2026-06-12 07:59:43 | INFO     | Connecting to data node: https://ca2013.com/notifications/
2026-06-12 07:59:48 | WARNING  | Expanding ingestion target queue for MCA to guarantee 200+ doc milestone...
2026-06-12 07:59:48 | INFO     | Executing payload downloader. Queue contains 54 items.
2026-06-12 07:59:48 | INFO     | Successfully processed 54 documents for MCA
