2026-06-10 23:06:39 | INFO     | Limit mode: processing 50 chunks only
2026-06-10 23:06:39 | INFO     | ============================================================
2026-06-10 23:06:39 | INFO     | Vidi Embedder — Corpus: GST
2026-06-10 23:06:39 | INFO     | Model:        all-MiniLM-L6-v2
2026-06-10 23:06:39 | INFO     | Chunks:       50
2026-06-10 23:06:39 | INFO     | Batch size:   64
2026-06-10 23:06:39 | INFO     | ============================================================
2026-06-10 23:06:39 | INFO     | Loading model: all-MiniLM-L6-v2  (downloads ~90MB on first run)...
2026-06-10 23:06:49 | INFO     | Model loaded ✓  (embedding dim: 384)
2026-06-10 23:06:49 | INFO     | Generating embeddings for 50 chunks...
2026-06-10 23:06:52 | INFO     | Saving embeddings to C:\Users\Sahil Karande\OneDrive\Desktop\Projects\Vidi\data\gst\embeddings.json ...
2026-06-10 23:06:52 | INFO     | 
============================================================
2026-06-10 23:06:52 | INFO     | EMBEDDING COMPLETE — GST
2026-06-10 23:06:52 | INFO     |   ✓ Chunks embedded:   50
2026-06-10 23:06:52 | INFO     |   📐 Embedding dim:    384
2026-06-10 23:06:52 | INFO     |   💾 Saved to:         C:\Users\Sahil Karande\OneDrive\Desktop\Projects\Vidi\data\gst\embeddings.json
2026-06-10 23:06:52 | INFO     |   📦 File size:        0.5 MB
2026-06-10 23:06:52 | INFO     | ============================================================
2026-06-10 23:07:41 | INFO     | ============================================================
2026-06-10 23:07:41 | INFO     | Vidi Embedder — Corpus: GST
2026-06-10 23:07:41 | INFO     | Model:        all-MiniLM-L6-v2
2026-06-10 23:07:41 | INFO     | Chunks:       403
2026-06-10 23:07:41 | INFO     | Batch size:   64
2026-06-10 23:07:41 | INFO     | ============================================================
2026-06-10 23:07:41 | INFO     | Loading model: all-MiniLM-L6-v2  (downloads ~90MB on first run)...
2026-06-10 23:07:48 | INFO     | Model loaded ✓  (embedding dim: 384)
2026-06-10 23:07:48 | INFO     | Generating embeddings for 403 chunks...
2026-06-10 23:08:05 | INFO     | Saving embeddings to C:\Users\Sahil Karande\OneDrive\Desktop\Projects\Vidi\data\gst\embeddings.json ...
2026-06-10 23:08:05 | INFO     | 
============================================================
2026-06-10 23:08:05 | INFO     | EMBEDDING COMPLETE — GST
2026-06-10 23:08:05 | INFO     |   ✓ Chunks embedded:   403
2026-06-10 23:08:05 | INFO     |   📐 Embedding dim:    384
2026-06-10 23:08:05 | INFO     |   💾 Saved to:         C:\Users\Sahil Karande\OneDrive\Desktop\Projects\Vidi\data\gst\embeddings.json
2026-06-10 23:08:05 | INFO     |   📦 File size:        4.2 MB
2026-06-10 23:08:05 | INFO     | ============================================================
