2026-06-10 23:08:27 | INFO     | Loading embeddings from C:\Users\Sahil Karande\OneDrive\Desktop\Projects\Vidi\data\gst\embeddings.json ...
2026-06-10 23:08:27 | INFO     | ============================================================
2026-06-10 23:08:27 | INFO     | Vidi Indexer — Corpus: GST
2026-06-10 23:08:27 | INFO     | Chunks to index:  403
2026-06-10 23:08:27 | INFO     | VectorDB path:    C:\Users\Sahil Karande\OneDrive\Desktop\Projects\Vidi\vectordb
2026-06-10 23:08:27 | INFO     | Reset collection: False
2026-06-10 23:08:27 | INFO     | ============================================================
2026-06-10 23:08:27 | INFO     | Connecting to ChromaDB (local persistent)...
2026-06-10 23:08:28 | INFO     | Collection 'gst': 0 existing docs
2026-06-10 23:08:28 | INFO     | Upserting 403 chunks into ChromaDB collection 'gst'...
2026-06-10 23:08:29 | INFO     | 
============================================================
2026-06-10 23:08:29 | INFO     | INDEXING COMPLETE — GST
2026-06-10 23:08:29 | INFO     |   ✓ Chunks upserted:   403
2026-06-10 23:08:29 | INFO     |   📚 Collection total: 403 docs
2026-06-10 23:08:29 | INFO     |   💾 VectorDB path:    C:\Users\Sahil Karande\OneDrive\Desktop\Projects\Vidi\vectordb
2026-06-10 23:08:29 | INFO     | ============================================================
2026-06-10 23:08:44 | INFO     | 
Verification — test query: 'GST registration threshold turnover limit'
2026-06-10 23:08:44 | INFO     | Loading model for query embedding...
