2026-06-11 08:57:25 | INFO     | ============================================================
2026-06-11 08:57:25 | INFO     | Vidi RBI Scraper
2026-06-11 08:57:25 | INFO     | Strategy: Curated PDFs + Listing page crawl
2026-06-11 08:57:25 | INFO     | Output: C:\Users\Sahil Karande\OneDrive\Desktop\Projects\Vidi\data\rbi
2026-06-11 08:57:25 | INFO     | Limit: 5 PDFs (test mode)
2026-06-11 08:57:25 | INFO     | ============================================================
2026-06-11 08:57:25 | INFO     | Curated docs:  21
2026-06-11 08:57:25 | INFO     | Crawling 12 RBI listing pages...
2026-06-11 08:57:25 | INFO     |   Crawling: https://www.rbi.org.in/Scripts/BS_ViewMasDirections.aspx...
2026-06-11 08:57:28 | INFO     |     Found 349 PDF links so far
2026-06-11 08:57:28 | INFO     |   Crawling: https://www.rbi.org.in/Scripts/BS_ViewMasCirculardetails.aspx...
2026-06-11 08:57:30 | INFO     |     Found 366 PDF links so far
2026-06-11 08:57:30 | INFO     |   Crawling: https://www.rbi.org.in/Scripts/NotificationUser.aspx?Id=12673&Mod...
2026-06-11 08:57:34 | INFO     |     Found 368 PDF links so far
2026-06-11 08:57:34 | INFO     |   Crawling: https://www.rbi.org.in/Scripts/NotificationUser.aspx?Id=12500&Mod...
2026-06-11 08:57:37 | INFO     |     Found 370 PDF links so far
2026-06-11 08:57:37 | INFO     |   Crawling: https://www.rbi.org.in/Scripts/NotificationUser.aspx?Id=12300&Mod...
2026-06-11 08:57:40 | INFO     |     Found 371 PDF links so far
2026-06-11 08:57:40 | INFO     |   Crawling: https://www.rbi.org.in/Scripts/NotificationUser.aspx?Id=12100&Mod...
2026-06-11 08:57:43 | INFO     |     Found 372 PDF links so far
2026-06-11 08:57:43 | INFO     |   Crawling: https://www.rbi.org.in/Scripts/NotificationUser.aspx?Id=11900&Mod...
2026-06-11 08:57:46 | INFO     |     Found 373 PDF links so far
2026-06-11 08:57:46 | INFO     |   Crawling: https://www.rbi.org.in/Scripts/NotificationUser.aspx?Id=11700&Mod...
2026-06-11 08:57:49 | INFO     |     Found 374 PDF links so far
2026-06-11 08:57:49 | INFO     |   Crawling: https://www.rbi.org.in/Scripts/BS_PressReleaseDisplay.aspx...
2026-06-11 08:57:51 | INFO     |     Found 434 PDF links so far
2026-06-11 08:57:51 | INFO     |   Crawling: https://www.rbi.org.in/Scripts/PublicationsView.aspx?id=22150...
2026-06-11 08:57:55 | INFO     |     Found 436 PDF links so far
2026-06-11 08:57:55 | INFO     |   Crawling: https://www.rbi.org.in/Scripts/PublicationsView.aspx?id=22100...
2026-06-11 08:57:58 | INFO     |     Found 438 PDF links so far
2026-06-11 08:57:58 | INFO     |   Crawling: https://www.rbi.org.in/Scripts/PublicationsView.aspx?id=22000...
2026-06-11 08:58:01 | INFO     |     Found 440 PDF links so far
2026-06-11 08:58:01 | INFO     | Crawled docs:  440
2026-06-11 08:58:01 | INFO     | Total links:   461
2026-06-11 08:58:01 | INFO     | Limited to:    5 PDFs
2026-06-11 08:58:01 | INFO     | 
Downloading 5 RBI PDFs...
2026-06-11 08:58:02 | WARNING  | HTTP 404 — https://rbidocs.rbi.org.in/rdocs/content/PDFs/MDNBFC30012020 (attempt 1/3)
2026-06-11 08:58:07 | WARNING  | HTTP 404 — https://rbidocs.rbi.org.in/rdocs/content/PDFs/MDNBFC30012020 (attempt 2/3)
2026-06-11 08:58:17 | WARNING  | HTTP 404 — https://rbidocs.rbi.org.in/rdocs/content/PDFs/MDNBFC30012020 (attempt 3/3)
2026-06-11 08:58:17 | ERROR    | Failed after 3 attempts: https://rbidocs.rbi.org.in/rdocs/content/PDFs/MDNBFC30012020
2026-06-11 08:58:17 | WARNING  | HTTP 404 — https://rbidocs.rbi.org.in/rdocs/content/PDFs/FEMA20R3108201 (attempt 1/3)
2026-06-11 08:58:22 | WARNING  | HTTP 404 — https://rbidocs.rbi.org.in/rdocs/content/PDFs/FEMA20R3108201 (attempt 2/3)
2026-06-11 08:58:32 | WARNING  | HTTP 404 — https://rbidocs.rbi.org.in/rdocs/content/PDFs/FEMA20R3108201 (attempt 3/3)
2026-06-11 08:58:32 | ERROR    | Failed after 3 attempts: https://rbidocs.rbi.org.in/rdocs/content/PDFs/FEMA20R3108201
2026-06-11 08:58:32 | WARNING  | HTTP 404 — https://rbidocs.rbi.org.in/rdocs/content/PDFs/MDIR15022016.P (attempt 1/3)
2026-06-11 08:58:37 | WARNING  | HTTP 404 — https://rbidocs.rbi.org.in/rdocs/content/PDFs/MDIR15022016.P (attempt 2/3)
2026-06-11 08:58:47 | WARNING  | HTTP 404 — https://rbidocs.rbi.org.in/rdocs/content/PDFs/MDIR15022016.P (attempt 3/3)
2026-06-11 08:58:47 | ERROR    | Failed after 3 attempts: https://rbidocs.rbi.org.in/rdocs/content/PDFs/MDIR15022016.P
2026-06-11 08:58:47 | WARNING  | HTTP 404 — https://rbidocs.rbi.org.in/rdocs/content/PDFs/MDKYCAML300120 (attempt 1/3)
2026-06-11 08:58:52 | WARNING  | HTTP 404 — https://rbidocs.rbi.org.in/rdocs/content/PDFs/MDKYCAML300120 (attempt 2/3)
2026-06-11 08:59:02 | WARNING  | HTTP 404 — https://rbidocs.rbi.org.in/rdocs/content/PDFs/MDKYCAML300120 (attempt 3/3)
2026-06-11 08:59:02 | ERROR    | Failed after 3 attempts: https://rbidocs.rbi.org.in/rdocs/content/PDFs/MDKYCAML300120
2026-06-11 08:59:02 | WARNING  | HTTP 404 — https://rbidocs.rbi.org.in/rdocs/content/PDFs/MDUPI271220191 (attempt 1/3)
2026-06-11 08:59:07 | WARNING  | HTTP 404 — https://rbidocs.rbi.org.in/rdocs/content/PDFs/MDUPI271220191 (attempt 2/3)
2026-06-11 08:59:17 | WARNING  | HTTP 404 — https://rbidocs.rbi.org.in/rdocs/content/PDFs/MDUPI271220191 (attempt 3/3)
2026-06-11 08:59:17 | ERROR    | Failed after 3 attempts: https://rbidocs.rbi.org.in/rdocs/content/PDFs/MDUPI271220191
2026-06-11 08:59:17 | INFO     | 
============================================================
2026-06-11 08:59:17 | INFO     | SCRAPING COMPLETE — RBI
2026-06-11 08:59:17 | INFO     |   ✓ Downloaded:  0 PDFs
2026-06-11 08:59:17 | INFO     |   ✗ Failed:      5 PDFs
2026-06-11 08:59:17 | INFO     |   📁 Saved to:   C:\Users\Sahil Karande\OneDrive\Desktop\Projects\Vidi\data\rbi
2026-06-11 08:59:17 | INFO     |   📋 Index:      C:\Users\Sahil Karande\OneDrive\Desktop\Projects\Vidi\data\rbi/index.csv
2026-06-11 08:59:17 | INFO     |   💾 Total size: 0.0 MB
2026-06-11 08:59:17 | INFO     | ============================================================
2026-06-11 09:02:47 | INFO     | ============================================================
2026-06-11 09:02:47 | INFO     | Vidi RBI Scraper
2026-06-11 09:02:47 | INFO     | Strategy: Curated PDFs + Listing page crawl
2026-06-11 09:02:47 | INFO     | Output: C:\Users\Sahil Karande\OneDrive\Desktop\Projects\Vidi\data\rbi
2026-06-11 09:02:47 | INFO     | Limit: 5 PDFs (test mode)
2026-06-11 09:02:47 | INFO     | ============================================================
2026-06-11 09:03:51 | INFO     | ============================================================
2026-06-11 09:03:51 | INFO     | Vidi RBI Scraper
2026-06-11 09:03:51 | INFO     | Strategy: Curated PDFs + Listing page crawl
2026-06-11 09:03:51 | INFO     | Output: C:\Users\Sahil Karande\OneDrive\Desktop\Projects\Vidi\data\rbi
2026-06-11 09:03:51 | INFO     | Limit: 5 PDFs (test mode)
2026-06-11 09:03:51 | INFO     | ============================================================
2026-06-11 09:03:51 | INFO     | Curated docs:  0
2026-06-11 09:03:51 | INFO     | Crawling 12 RBI listing pages...
2026-06-11 09:03:51 | INFO     |   Crawling: https://www.rbi.org.in/Scripts/BS_ViewMasDirections.aspx...
2026-06-11 09:03:54 | INFO     |     Found 349 PDF links so far
2026-06-11 09:03:54 | INFO     |   Crawling: https://www.rbi.org.in/Scripts/BS_ViewMasCirculardetails.aspx...
2026-06-11 09:03:57 | INFO     |     Found 366 PDF links so far
2026-06-11 09:03:57 | INFO     |   Crawling: https://www.rbi.org.in/Scripts/NotificationUser.aspx?Id=12673&Mod...
2026-06-11 09:04:00 | INFO     |     Found 368 PDF links so far
2026-06-11 09:04:00 | INFO     |   Crawling: https://www.rbi.org.in/Scripts/NotificationUser.aspx?Id=12500&Mod...
2026-06-11 09:04:03 | INFO     |     Found 370 PDF links so far
2026-06-11 09:04:03 | INFO     |   Crawling: https://www.rbi.org.in/Scripts/NotificationUser.aspx?Id=12300&Mod...
2026-06-11 09:04:06 | INFO     |     Found 371 PDF links so far
2026-06-11 09:04:06 | INFO     |   Crawling: https://www.rbi.org.in/Scripts/NotificationUser.aspx?Id=12100&Mod...
2026-06-11 09:04:09 | INFO     |     Found 372 PDF links so far
2026-06-11 09:04:09 | INFO     |   Crawling: https://www.rbi.org.in/Scripts/NotificationUser.aspx?Id=11900&Mod...
2026-06-11 09:04:12 | INFO     |     Found 373 PDF links so far
2026-06-11 09:04:12 | INFO     |   Crawling: https://www.rbi.org.in/Scripts/NotificationUser.aspx?Id=11700&Mod...
2026-06-11 09:04:15 | INFO     |     Found 374 PDF links so far
2026-06-11 09:04:15 | INFO     |   Crawling: https://www.rbi.org.in/Scripts/BS_PressReleaseDisplay.aspx...
2026-06-11 09:04:17 | INFO     |     Found 435 PDF links so far
2026-06-11 09:04:17 | INFO     |   Crawling: https://www.rbi.org.in/Scripts/PublicationsView.aspx?id=22150...
2026-06-11 09:04:20 | INFO     |     Found 437 PDF links so far
2026-06-11 09:04:20 | INFO     |   Crawling: https://www.rbi.org.in/Scripts/PublicationsView.aspx?id=22100...
2026-06-11 09:04:23 | INFO     |     Found 439 PDF links so far
2026-06-11 09:04:23 | INFO     |   Crawling: https://www.rbi.org.in/Scripts/PublicationsView.aspx?id=22000...
2026-06-11 09:04:26 | INFO     |     Found 441 PDF links so far
2026-06-11 09:04:26 | INFO     | Crawled docs:  441
2026-06-11 09:04:26 | INFO     | Total links:   441
2026-06-11 09:04:26 | INFO     | Limited to:    5 PDFs
2026-06-11 09:04:26 | INFO     | 
Downloading 5 RBI PDFs...
2026-06-11 09:04:30 | DEBUG    |   ✓ 61MD0825F724310142CBB351B33F9C3F80FA.PDF (257 KB)
2026-06-11 09:04:33 | DEBUG    |   ✓ 29MD8B47C911ECA14450AACBAEF6D7981EF8.PDF (669 KB)
2026-06-11 09:04:36 | DEBUG    |   ✓ 400MDEF6FB735DC5A48308F688DCB9BA11A65.PDF (529 KB)
2026-06-11 09:04:38 | DEBUG    |   ✓ 399MDAD236E83FDD240EEB29F1F5E2DBAD333.PDF (274 KB)
2026-06-11 09:04:41 | DEBUG    |   ✓ 380MD14012026DAD56B73DC944F02AEA4530EC779AD7F.PDF (294 KB)
2026-06-11 09:04:41 | INFO     | 
============================================================
2026-06-11 09:04:41 | INFO     | SCRAPING COMPLETE — RBI
2026-06-11 09:04:41 | INFO     |   ✓ Downloaded:  5 PDFs
2026-06-11 09:04:41 | INFO     |   ✗ Failed:      0 PDFs
2026-06-11 09:04:41 | INFO     |   📁 Saved to:   C:\Users\Sahil Karande\OneDrive\Desktop\Projects\Vidi\data\rbi
2026-06-11 09:04:41 | INFO     |   📋 Index:      C:\Users\Sahil Karande\OneDrive\Desktop\Projects\Vidi\data\rbi/index.csv
2026-06-11 09:04:41 | INFO     |   💾 Total size: 2.0 MB
2026-06-11 09:04:41 | INFO     | ============================================================
2026-06-11 09:07:11 | INFO     | ============================================================
2026-06-11 09:07:11 | INFO     | Vidi RBI Scraper
2026-06-11 09:07:11 | INFO     | Strategy: Curated PDFs + Listing page crawl
2026-06-11 09:07:11 | INFO     | Output: C:\Users\Sahil Karande\OneDrive\Desktop\Projects\Vidi\data\rbi
2026-06-11 09:07:11 | INFO     | ============================================================
2026-06-11 09:07:11 | INFO     | Curated docs:  0
2026-06-11 09:07:11 | INFO     | Crawling 12 RBI listing pages...
2026-06-11 09:07:11 | INFO     |   Crawling: https://www.rbi.org.in/Scripts/BS_ViewMasDirections.aspx...
2026-06-11 09:07:14 | INFO     |     Found 349 PDF links so far
2026-06-11 09:07:14 | INFO     |   Crawling: https://www.rbi.org.in/Scripts/BS_ViewMasCirculardetails.aspx...
2026-06-11 09:07:17 | INFO     |     Found 366 PDF links so far
2026-06-11 09:07:17 | INFO     |   Crawling: https://www.rbi.org.in/Scripts/NotificationUser.aspx?Id=12673&Mod...
2026-06-11 09:07:20 | INFO     |     Found 368 PDF links so far
2026-06-11 09:07:20 | INFO     |   Crawling: https://www.rbi.org.in/Scripts/NotificationUser.aspx?Id=12500&Mod...
2026-06-11 09:07:22 | INFO     |     Found 370 PDF links so far
2026-06-11 09:07:22 | INFO     |   Crawling: https://www.rbi.org.in/Scripts/NotificationUser.aspx?Id=12300&Mod...
2026-06-11 09:07:26 | INFO     |     Found 371 PDF links so far
2026-06-11 09:07:26 | INFO     |   Crawling: https://www.rbi.org.in/Scripts/NotificationUser.aspx?Id=12100&Mod...
2026-06-11 09:07:29 | INFO     |     Found 372 PDF links so far
2026-06-11 09:07:29 | INFO     |   Crawling: https://www.rbi.org.in/Scripts/NotificationUser.aspx?Id=11900&Mod...
2026-06-11 09:07:32 | INFO     |     Found 373 PDF links so far
2026-06-11 09:07:32 | INFO     |   Crawling: https://www.rbi.org.in/Scripts/NotificationUser.aspx?Id=11700&Mod...
2026-06-11 09:07:35 | INFO     |     Found 374 PDF links so far
2026-06-11 09:07:35 | INFO     |   Crawling: https://www.rbi.org.in/Scripts/BS_PressReleaseDisplay.aspx...
2026-06-11 09:07:37 | INFO     |     Found 435 PDF links so far
2026-06-11 09:07:37 | INFO     |   Crawling: https://www.rbi.org.in/Scripts/PublicationsView.aspx?id=22150...
2026-06-11 09:07:40 | INFO     |     Found 437 PDF links so far
2026-06-11 09:07:40 | INFO     |   Crawling: https://www.rbi.org.in/Scripts/PublicationsView.aspx?id=22100...
2026-06-11 09:07:43 | INFO     |     Found 439 PDF links so far
2026-06-11 09:07:43 | INFO     |   Crawling: https://www.rbi.org.in/Scripts/PublicationsView.aspx?id=22000...
2026-06-11 09:07:47 | INFO     |     Found 441 PDF links so far
2026-06-11 09:07:47 | INFO     | Crawled docs:  441
2026-06-11 09:07:47 | INFO     | Total links:   441
2026-06-11 09:07:47 | INFO     | 
Downloading 441 RBI PDFs...
2026-06-11 09:07:50 | DEBUG    |   ✓ 381MD140120267212A1D4EF8349448E9416EF8F2D19B5.PDF (285 KB)
2026-06-11 09:07:52 | DEBUG    |   ✓ NOT3821EAEF90E037B4061A91775A5525510C3.PDF (286 KB)
2026-06-11 09:07:54 | DEBUG    |   ✓ 383MD14012026559E41DD96224880B75EDB2B96E4BD8B.PDF (295 KB)
2026-06-11 09:07:57 | DEBUG    |   ✓ 384MD14012026E275757688DE4E68AF9813B3B9491E4B.PDF (286 KB)
2026-06-11 09:07:59 | DEBUG    |   ✓ NOT38578CF3B232A694DBEAB2A9CE71848DCA1.PDF (313 KB)
2026-06-11 09:08:02 | DEBUG    |   ✓ 108MDINTERNALOMBUDSMANCC05402F77BE4F229B59877F341386A4.PDF (378 KB)
2026-06-11 09:08:05 | DEBUG    |   ✓ 397MD7DCC951F9F014A738C60E0FBC1A73D70.PDF (871 KB)
2026-06-11 09:08:08 | DEBUG    |   ✓ MD39857992A3DBE7946619F0F76DF81E472CF.PDF (872 KB)
2026-06-11 09:08:10 | DEBUG    |   ✓ 387MD1003202698CBFA3D29254532B33C97C231B6F7D8.PDF (443 KB)
2026-06-11 09:08:15 | DEBUG    |   ✓ 174MD.PDF (1425 KB)
2026-06-11 09:08:18 | DEBUG    |   ✓ 173MD.PDF (883 KB)
2026-06-11 09:08:20 | DEBUG    |   ✓ 172MD.PDF (280 KB)
2026-06-11 09:08:23 | DEBUG    |   ✓ 171MD.PDF (411 KB)
2026-06-11 09:08:26 | DEBUG    |   ✓ 170MD.PDF (1059 KB)
2026-06-11 09:08:29 | DEBUG    |   ✓ 169MD.PDF (683 KB)
2026-06-11 09:08:32 | DEBUG    |   ✓ 167MD.PDF (1151 KB)
2026-06-11 09:08:35 | DEBUG    |   ✓ 166MD.PDF (471 KB)
2026-06-11 09:08:38 | DEBUG    |   ✓ 165MD.PDF (505 KB)
2026-06-11 09:08:40 | DEBUG    |   ✓ 164MD.PDF (481 KB)
2026-06-11 09:08:44 | DEBUG    |   ✓ 163MD.PDF (1818 KB)
2026-06-11 09:08:47 | DEBUG    |   ✓ 162MD.PDF (829 KB)
2026-06-11 09:08:49 | DEBUG    |   ✓ 161MD.PDF (319 KB)
2026-06-11 09:08:52 | DEBUG    |   ✓ 160MD.PDF (461 KB)
2026-06-11 09:08:55 | DEBUG    |   ✓ 159MD.PDF (507 KB)
2026-06-11 09:08:58 | DEBUG    |   ✓ 158MD.PDF (749 KB)
2026-06-11 09:09:01 | DEBUG    |   ✓ 157MD.PDF (519 KB)
2026-06-11 09:09:04 | DEBUG    |   ✓ 156MD.PDF (854 KB)
2026-06-11 09:09:07 | DEBUG    |   ✓ 155MD.PDF (433 KB)
2026-06-11 09:09:10 | DEBUG    |   ✓ 154MD.PDF (1036 KB)
2026-06-11 09:09:13 | DEBUG    |   ✓ 153MD.PDF (364 KB)
2026-06-11 09:09:15 | DEBUG    |   ✓ 152MD.PDF (244 KB)
2026-06-11 09:09:21 | DEBUG    |   ✓ 151MD.PDF (2544 KB)
2026-06-11 09:09:23 | DEBUG    |   ✓ 150MD.PDF (544 KB)
2026-06-11 09:09:26 | DEBUG    |   ✓ 149MD.PDF (652 KB)
2026-06-11 09:09:29 | DEBUG    |   ✓ 148MD.PDF (385 KB)
2026-06-11 09:09:31 | DEBUG    |   ✓ 380MD.PDF (245 KB)
2026-06-11 09:09:34 | DEBUG    |   ✓ 147MD.PDF (613 KB)
2026-06-11 09:09:36 | DEBUG    |   ✓ 146MD.PDF (306 KB)
2026-06-11 09:09:39 | DEBUG    |   ✓ 145MD.PDF (377 KB)
2026-06-11 09:09:41 | DEBUG    |   ✓ 144MD.PDF (301 KB)
2026-06-11 09:09:44 | DEBUG    |   ✓ 143MD.PDF (559 KB)
2026-06-11 09:09:47 | DEBUG    |   ✓ 391MD10032026DEA2C866625C478D9F4CC695FCA60B68.PDF (411 KB)
2026-06-11 09:09:50 | DEBUG    |   ✓ 204MD.PDF (1385 KB)
2026-06-11 09:09:52 | DEBUG    |   ✓ 203MD.PDF (277 KB)
2026-06-11 09:09:58 | DEBUG    |   ✓ 202MD.PDF (414 KB)
2026-06-11 09:10:02 | DEBUG    |   ✓ 201MD.PDF (1114 KB)
2026-06-11 09:10:05 | DEBUG    |   ✓ 200MD.PDF (685 KB)
2026-06-11 09:10:08 | DEBUG    |   ✓ 198MD.PDF (1585 KB)
2026-06-11 09:10:11 | DEBUG    |   ✓ 197MD.PDF (436 KB)
2026-06-11 09:10:14 | DEBUG    |   ✓ 196MD.PDF (491 KB)
2026-06-11 09:10:16 | DEBUG    |   ✓ 195MD.PDF (499 KB)
2026-06-11 09:10:21 | DEBUG    |   ✓ 194MD.PDF (1713 KB)
2026-06-11 09:10:24 | DEBUG    |   ✓ 193MD.PDF (881 KB)
2026-06-11 09:10:26 | DEBUG    |   ✓ 192MD.PDF (336 KB)
2026-06-11 09:10:29 | DEBUG    |   ✓ 191MD.PDF (421 KB)
2026-06-11 09:10:31 | DEBUG    |   ✓ 190MD.PDF (506 KB)
2026-06-11 09:10:34 | DEBUG    |   ✓ 189MD.PDF (401 KB)
2026-06-11 09:10:37 | DEBUG    |   ✓ 188MD.PDF (438 KB)
2026-06-11 09:10:40 | DEBUG    |   ✓ 187MD.PDF (881 KB)
2026-06-11 09:10:42 | DEBUG    |   ✓ 186MD.PDF (420 KB)
2026-06-11 09:10:45 | DEBUG    |   ✓ 185MD.PDF (954 KB)
2026-06-11 09:10:48 | DEBUG    |   ✓ 184MD.PDF (344 KB)
2026-06-11 09:10:51 | DEBUG    |   ✓ 183MD.PDF (277 KB)
2026-06-11 09:11:09 | DEBUG    |   ✓ 182MD.PDF (2070 KB)
2026-06-11 09:11:12 | DEBUG    |   ✓ 181MD.PDF (494 KB)
2026-06-11 09:11:19 | DEBUG    |   ✓ 180MD.PDF (636 KB)
2026-06-11 09:11:21 | DEBUG    |   ✓ 179MD.PDF (292 KB)
2026-06-11 09:11:23 | DEBUG    |   ✓ 381MD.PDF (224 KB)
2026-06-11 09:11:26 | DEBUG    |   ✓ 178MD.PDF (459 KB)
2026-06-11 09:11:29 | DEBUG    |   ✓ 177MD.PDF (292 KB)
2026-06-11 09:11:31 | DEBUG    |   ✓ 176MD.PDF (380 KB)
2026-06-11 09:11:34 | DEBUG    |   ✓ 175MD.PDF (661 KB)
2026-06-11 09:11:40 | DEBUG    |   ✓ 388MD10032026C9C28BA2FD904454A24EE40607D82CC7.PDF (405 KB)
2026-06-11 09:11:43 | DEBUG    |   ✓ 221MD.PDF (1430 KB)
2026-06-11 09:11:45 | DEBUG    |   ✓ 220MD.PDF (322 KB)
2026-06-11 09:11:48 | DEBUG    |   ✓ 219MD.PDF (764 KB)
2026-06-11 09:11:51 | DEBUG    |   ✓ 218MD.PDF (715 KB)
2026-06-11 09:11:54 | DEBUG    |   ✓ 216MD.PDF (838 KB)
2026-06-11 09:11:57 | DEBUG    |   ✓ 215MD.PDF (1070 KB)
2026-06-11 09:12:00 | DEBUG    |   ✓ 214MD.PDF (779 KB)
2026-06-11 09:12:03 | DEBUG    |   ✓ 213MD.PDF (291 KB)
2026-06-11 09:12:05 | DEBUG    |   ✓ 212MD.PDF (273 KB)
2026-06-11 09:12:09 | DEBUG    |   ✓ 211MD.PDF (950 KB)
2026-06-11 09:12:11 | DEBUG    |   ✓ 210MD.PDF (564 KB)
2026-06-11 09:12:14 | DEBUG    |   ✓ 209MD.PDF (586 KB)
2026-06-11 09:12:16 | DEBUG    |   ✓ 208MD.PDF (237 KB)
2026-06-11 09:12:19 | DEBUG    |   ✓ 382MD.PDF (219 KB)
2026-06-11 09:12:22 | DEBUG    |   ✓ 207MD.PDF (596 KB)
2026-06-11 09:12:24 | DEBUG    |   ✓ 206MD.PDF (292 KB)
2026-06-11 09:12:27 | DEBUG    |   ✓ 205MD.PDF (403 KB)
2026-06-11 09:12:29 | DEBUG    |   ✓ 389MD100320260CC22242233B4A46883801B79C02FE8B.PDF (413 KB)
2026-06-11 09:12:33 | DEBUG    |   ✓ 246MD.PDF (1388 KB)
2026-06-11 09:12:35 | DEBUG    |   ✓ 245MD.PDF (337 KB)
2026-06-11 09:12:38 | DEBUG    |   ✓ 244MD.PDF (783 KB)
2026-06-11 09:12:41 | DEBUG    |   ✓ 243MD.PDF (683 KB)
2026-06-11 09:12:44 | DEBUG    |   ✓ 241MD.PDF (737 KB)
2026-06-11 09:12:46 | DEBUG    |   ✓ 240MD.PDF (466 KB)
2026-06-11 09:12:49 | DEBUG    |   ✓ 239MD.PDF (338 KB)
2026-06-11 09:12:51 | DEBUG    |   ✓ 238MD.PDF (430 KB)
2026-06-11 09:12:54 | DEBUG    |   ✓ 237MD.PDF (484 KB)
2026-06-11 09:12:57 | DEBUG    |   ✓ 236MD.PDF (844 KB)
2026-06-11 09:13:00 | DEBUG    |   ✓ 235MD.PDF (327 KB)
2026-06-11 09:13:03 | DEBUG    |   ✓ 234MD.PDF (363 KB)
2026-06-11 09:13:05 | DEBUG    |   ✓ 233MD.PDF (271 KB)
2026-06-11 09:13:07 | DEBUG    |   ✓ 232MD.PDF (398 KB)
2026-06-11 09:13:21 | DEBUG    |   ✓ 231MD.PDF (859 KB)
2026-06-11 09:13:23 | DEBUG    |   ✓ 230MD.PDF (284 KB)
2026-06-11 09:13:26 | DEBUG    |   ✓ 229MD.PDF (512 KB)
2026-06-11 09:13:28 | DEBUG    |   ✓ 228MD.PDF (362 KB)
2026-06-11 09:13:31 | DEBUG    |   ✓ 227MD.PDF (793 KB)
2026-06-11 09:13:34 | DEBUG    |   ✓ 226MD.PDF (529 KB)
2026-06-11 09:13:37 | DEBUG    |   ✓ 225MD.PDF (575 KB)
2026-06-11 09:13:39 | DEBUG    |   ✓ 383MD.PDF (247 KB)
2026-06-11 09:13:42 | DEBUG    |   ✓ 224MD.PDF (481 KB)
2026-06-11 09:13:44 | DEBUG    |   ✓ 223MD.PDF (297 KB)
2026-06-11 09:13:47 | DEBUG    |   ✓ 222MD.PDF (363 KB)
2026-06-11 09:13:49 | DEBUG    |   ✓ 390MD10032026A83919BF58A2481BB8240A89F25F285E.PDF (406 KB)
2026-06-11 09:13:53 | DEBUG    |   ✓ 268MD4759833478EF4A88898144BF91E4EE1B.PDF (1360 KB)
2026-06-11 09:14:04 | DEBUG    |   ✓ 267MD96B7D24557AC47BFB051A5301120FFBB.PDF (1069 KB)
2026-06-11 09:14:07 | DEBUG    |   ✓ 266MDB4BD80DE4B394A50808E81ACC3A2358E.PDF (693 KB)
2026-06-11 09:14:10 | DEBUG    |   ✓ 265MD4C8ABA19A5194D39A7AD1071676C3060.PDF (870 KB)
2026-06-11 09:14:13 | DEBUG    |   ✓ 264MDC9E9F8DD7A7D4A0D8C7661B8589E8605.PDF (469 KB)
2026-06-11 09:14:15 | DEBUG    |   ✓ 263MD.PDF (344 KB)
2026-06-11 09:14:18 | DEBUG    |   ✓ 262MD.PDF (372 KB)
2026-06-11 09:14:20 | DEBUG    |   ✓ 261MD.PDF (453 KB)
2026-06-11 09:14:23 | DEBUG    |   ✓ 260MD.PDF (450 KB)
2026-06-11 09:14:26 | DEBUG    |   ✓ 259MD.PDF (235 KB)
2026-06-11 09:14:28 | DEBUG    |   ✓ 258MD.PDF (383 KB)
2026-06-11 09:14:31 | DEBUG    |   ✓ 257MD.PDF (218 KB)
2026-06-11 09:14:33 | DEBUG    |   ✓ 256MD.PDF (388 KB)
2026-06-11 09:14:43 | DEBUG    |   ✓ 255MD.PDF (846 KB)
2026-06-11 09:14:46 | DEBUG    |   ✓ 254MD.PDF (429 KB)
2026-06-11 09:14:49 | DEBUG    |   ✓ 253MD.PDF (452 KB)
2026-06-11 09:14:51 | DEBUG    |   ✓ 252MD.PDF (340 KB)
2026-06-11 09:14:54 | DEBUG    |   ✓ 251MD.PDF (511 KB)
2026-06-11 09:14:56 | DEBUG    |   ✓ 250MD.PDF (423 KB)
2026-06-11 09:14:59 | DEBUG    |   ✓ 249MD.PDF (408 KB)
2026-06-11 09:15:01 | DEBUG    |   ✓ 248MD.PDF (355 KB)
2026-06-11 09:15:04 | DEBUG    |   ✓ 384MD.PDF (239 KB)
2026-06-11 09:15:07 | DEBUG    |   ✓ 247MD.PDF (581 KB)
2026-06-11 09:15:10 | DEBUG    |   ✓ 294MDA514F8EED7554D9F8B8DC461B55E4956.PDF (1403 KB)
2026-06-11 09:15:13 | DEBUG    |   ✓ 293MD6D08F6482DFE4A22AF441AD601136473.PDF (349 KB)
2026-06-11 09:15:16 | DEBUG    |   ✓ 292MD76099C95D4BD4139A4EBCDA2F50BEFA2.PDF (969 KB)
2026-06-11 09:15:18 | DEBUG    |   ✓ 291MDE108E59AC43D4C13B2D06598B296C877.PDF (725 KB)
2026-06-11 09:15:21 | DEBUG    |   ✓ 290MD616350878BDB425AB674BD8F44CECA6F.PDF (261 KB)
2026-06-11 09:15:24 | DEBUG    |   ✓ 289MDA4C31A1342334925BEA8860F1C07A2E2.PDF (742 KB)
2026-06-11 09:15:26 | DEBUG    |   ✓ 288MDFF01AB60686C42C3A362F83E87392224.PDF (336 KB)
2026-06-11 09:15:31 | DEBUG    |   ✓ 287MDF9C64E970EA74C16A6FEAB59052A0F72.PDF (421 KB)
2026-06-11 09:15:33 | DEBUG    |   ✓ 286MD85DCC2671BCB41DC8B0714812DAB799A.PDF (360 KB)
2026-06-11 09:15:36 | DEBUG    |   ✓ 285MDF435283E73444E45A54EC8764ABCC848.PDF (720 KB)
2026-06-11 09:15:42 | DEBUG    |   ✓ 284MD47AE1D934ED549E2AEB98E30D3A85A57.PDF (506 KB)
2026-06-11 09:15:45 | DEBUG    |   ✓ 283MDC3CE849D1EE047478359BA164A180EB2.PDF (242 KB)
2026-06-11 09:15:47 | DEBUG    |   ✓ 282MD963601BD314543AD8105FDAFACD3AA91.PDF (350 KB)
2026-06-11 09:15:50 | DEBUG    |   ✓ 281MD5AD018D50ACD4B10AF51DD504AD3DDB3.PDF (307 KB)
2026-06-11 09:15:53 | DEBUG    |   ✓ 280MD71ABEC5E655C4CE7816646F849E5CB29.PDF (443 KB)
2026-06-11 09:15:55 | DEBUG    |   ✓ 279MD3334DC0D4F8F43068FA37F74DED62382.PDF (627 KB)
2026-06-11 09:15:58 | DEBUG    |   ✓ 278MD2C704B1C34BF4E1BB8F6B710190D4E6C.PDF (329 KB)
2026-06-11 09:16:01 | DEBUG    |   ✓ 277MDFF00147367D64F02899A3A756CDA9093.PDF (766 KB)
2026-06-11 09:16:04 | DEBUG    |   ✓ 276MD926CB0F1D85C4C7981A81F01AAEE0D13.PDF (329 KB)
2026-06-11 09:16:07 | DEBUG    |   ✓ 275MD3D20366A706C4C13B4FA21A3DC0451A1.PDF (877 KB)
2026-06-11 09:16:09 | DEBUG    |   ✓ 274MD3A0AEE03DF1B4F39BB0F0B91BFC73A05.PDF (758 KB)
2026-06-11 09:16:12 | DEBUG    |   ✓ 273MD1E2C8ADF7F3D4881933547E0AAABCFA4.PDF (425 KB)
2026-06-11 09:16:15 | DEBUG    |   ✓ 272MD6C9694D129BC4A769CBCD6B206A345B5.PDF (410 KB)
2026-06-11 09:16:17 | DEBUG    |   ✓ 385MDE9EEBCE5D5EA40C5AD9FD122507E94F8.PDF (263 KB)
2026-06-11 09:16:20 | DEBUG    |   ✓ 270MD0F410014D53F4900814935480D096DDA.PDF (337 KB)
2026-06-11 09:16:22 | DEBUG    |   ✓ 269MDB68791ED3DA4407596FC88446FC24DF3.PDF (228 KB)
2026-06-11 09:16:24 | DEBUG    |   ✓ 271MD5F6E28F2C5AF4B92AE44048FD3C21405.PDF (451 KB)
2026-06-11 09:16:27 | DEBUG    |   ✓ 296MD3B084D4247B940E782DCF35DE02806CB.PDF (385 KB)
2026-06-11 09:16:30 | DEBUG    |   ✓ 318MDE0794991DA36479EAF4267E99E78C5D4.PDF (309 KB)
2026-06-11 09:16:34 | DEBUG    |   ✓ 317MD887462600A924B8CB0DD389AC78041C5.PDF (1611 KB)
2026-06-11 09:16:37 | DEBUG    |   ✓ 316MDC827AC45BD1248DFB272637379D4128C.PDF (716 KB)
2026-06-11 09:16:39 | DEBUG    |   ✓ 315MDD4D6D28D4BD84F84A93DBB459D696D04.PDF (263 KB)
2026-06-11 09:16:44 | DEBUG    |   ✓ 314MD105FDB4D92954DC8A332FDDD468727E2.PDF (682 KB)
2026-06-11 09:16:47 | DEBUG    |   ✓ 313MD02F712F901B74064B5DFB5389AAF4635.PDF (394 KB)
2026-06-11 09:16:49 | DEBUG    |   ✓ 312MDED63664A2FAD47AAA2AF35B21B42D891.PDF (398 KB)
2026-06-11 09:16:52 | DEBUG    |   ✓ 311MD325E093FC9B14A5E8D968E2BFC9A7CE2.PDF (368 KB)
2026-06-11 09:16:57 | DEBUG    |   ✓ 310MDB3001389A9CC4E929E5C95170219D08C.PDF (465 KB)
2026-06-11 09:17:00 | DEBUG    |   ✓ 309MDA721C4C88C1C47618967DEE0A5DD8ECF.PDF (427 KB)
2026-06-11 09:17:02 | DEBUG    |   ✓ 308MD5EFEC2756D6C49D89939321BFA1112ED.PDF (245 KB)
2026-06-11 09:17:04 | DEBUG    |   ✓ 307MDA2E3C66F4060495EB4262788206D4624.PDF (293 KB)
2026-06-11 09:17:07 | DEBUG    |   ✓ 306MD1B2E712A2C85493B9597D742B7D0723D.PDF (336 KB)
2026-06-11 09:17:09 | DEBUG    |   ✓ 305MDBAA8E20812664CD58C98C7436D919C49.PDF (357 KB)
2026-06-11 09:17:13 | DEBUG    |   ✓ 304MDB8CFC8C99FB2410A82F9022648786BD0.PDF (863 KB)
2026-06-11 09:17:15 | DEBUG    |   ✓ 303MD6394576E32E84D3FA6634CBA70F0291A.PDF (298 KB)
2026-06-11 09:17:18 | DEBUG    |   ✓ 302MD9447AEE4C3A543AA970CAF17ECD0E440.PDF (487 KB)
2026-06-11 09:17:20 | DEBUG    |   ✓ 301MD61FDD3EB323E49EEA9A1DFCE704E5BF9.PDF (371 KB)
2026-06-11 09:17:23 | DEBUG    |   ✓ 300MDF58DB7A7A9564C0CA00ABE5D6A0A07F1.PDF (547 KB)
2026-06-11 09:17:26 | DEBUG    |   ✓ 299MDEC55794FB96E4E52A5B5D0893EBE36F6.PDF (744 KB)
2026-06-11 09:17:28 | DEBUG    |   ✓ 298MD47439C1E67454650A666D90BDDE73AC3.PDF (363 KB)
2026-06-11 09:17:31 | DEBUG    |   ✓ 297MD8B97C3B046D84D0BAA969029B3B4F39F.PDF (360 KB)
2026-06-11 09:17:33 | DEBUG    |   ✓ 386MD2EA5A2249DB94541B485F19F9D6CEC6C.PDF (274 KB)
2026-06-11 09:17:36 | DEBUG    |   ✓ 295MD1EAD13C6D93B44E98AB6A4353542054E.PDF (320 KB)
2026-06-11 09:17:38 | DEBUG    |   ✓ 319MDD6043B8B7A0A49CFA8C29881AE174DD6.PDF (396 KB)
2026-06-11 09:17:41 | DEBUG    |   ✓ 338MD82DA791B78C840DA9CE556AD2F6A099E.PDF (262 KB)
2026-06-11 09:17:43 | DEBUG    |   ✓ 337MD82046EB95DF047E7B6D4977E1D1B344E.PDF (343 KB)
2026-06-11 09:17:46 | DEBUG    |   ✓ 336MDE82A669C159C41D09B212DDF2908364A.PDF (280 KB)
2026-06-11 09:17:49 | DEBUG    |   ✓ 335MDB36143CAC69041858F40094B961AD8D1.PDF (676 KB)
2026-06-11 09:17:52 | DEBUG    |   ✓ 334MDBA729BB698594DF88D0C0F8AD14D6051.PDF (963 KB)
2026-06-11 09:17:54 | DEBUG    |   ✓ 333MD5058C30FAE2B4BF7A6FA46FBF5BA1860.PDF (455 KB)
2026-06-11 09:17:57 | DEBUG    |   ✓ 332MD172466A0BC46438DB5E53C03F90E5D97.PDF (484 KB)
2026-06-11 09:18:00 | DEBUG    |   ✓ 331MD8F94924174D045A9A61DB7472C935BBB.PDF (481 KB)
2026-06-11 09:18:03 | DEBUG    |   ✓ 330MD8EE03EACE9C840B78782487A56262606.PDF (564 KB)
2026-06-11 09:18:05 | DEBUG    |   ✓ 329MDB471ED6596B74577A0D9BC3296ECC859.PDF (434 KB)
2026-06-11 09:18:08 | DEBUG    |   ✓ 328MDCA89E7AD35574A5E8A94F83F329293A2.PDF (442 KB)
2026-06-11 09:18:11 | DEBUG    |   ✓ 327MD7EA8E880A8D64D06B8AE74D8EDF60F17.PDF (505 KB)
2026-06-11 09:18:14 | DEBUG    |   ✓ 326MD7CB162D66FB043AFA384B6ED63EFA5D7.PDF (564 KB)
2026-06-11 09:18:16 | DEBUG    |   ✓ 325MD9D1E9340756A42F183443F73A0B46998.PDF (348 KB)
2026-06-11 09:18:19 | DEBUG    |   ✓ 324MD7A26BF797952433E8A8D59AA98A79999.PDF (828 KB)
2026-06-11 09:18:22 | DEBUG    |   ✓ 323MDC03F7527B77E43B586042F9F3104C2B7.PDF (455 KB)
2026-06-11 09:18:24 | DEBUG    |   ✓ 322MD52B038D169F34D5C9851D5F02E1C7044.PDF (291 KB)
2026-06-11 09:18:30 | DEBUG    |   ✓ 321MDD26060BC94C943C8B5907F5E328E0F1B.PDF (2285 KB)
2026-06-11 09:18:32 | DEBUG    |   ✓ 320MDC5714911D38A471980DD2D5D9DB3AECD.PDF (361 KB)
2026-06-11 09:18:35 | DEBUG    |   ✓ 373MD7F3656C99F764E2F9CE1BC4A1337861F.PDF (294 KB)
2026-06-11 09:18:37 | DEBUG    |   ✓ 372MD72894C1BCD6646C582BDF57824ED849B.PDF (323 KB)
2026-06-11 09:18:40 | DEBUG    |   ✓ 371MD93444E1CFB2749C6A9F8F0182794522B.PDF (314 KB)
2026-06-11 09:18:47 | DEBUG    |   ✓ 370MD60843CF99DE6468CA026BF367311796E.PDF (732 KB)
2026-06-11 09:18:49 | DEBUG    |   ✓ 369MD595FB8D5A60A4858AEADC3DA61569214.PDF (429 KB)
2026-06-11 09:18:52 | DEBUG    |   ✓ 368MDA3A72C813679452CB0A291E6B300DB59.PDF (333 KB)
2026-06-11 09:18:55 | DEBUG    |   ✓ 367MD6F29605A9F984829B1DDFA72799197BB.PDF (474 KB)
2026-06-11 09:18:58 | DEBUG    |   ✓ 366MDF8A3AEF00BF24FFC8FA8F1B096F8E054.PDF (792 KB)
2026-06-11 09:19:01 | DEBUG    |   ✓ 365MD8214102C853241B98E06B2123AB42657.PDF (814 KB)
2026-06-11 09:19:03 | DEBUG    |   ✓ 364MD89C593EA3A124B1491E797D1A752110F.PDF (279 KB)
2026-06-11 09:19:06 | DEBUG    |   ✓ 363MD40F22B0CDF734E3C884A9CBCE5DF9194.PDF (506 KB)
2026-06-11 09:19:09 | DEBUG    |   ✓ 362MD26CA543937BA439A97E1BCFC08CF5808.PDF (485 KB)
2026-06-11 09:19:12 | DEBUG    |   ✓ 361MD1E2F8EA063454AD5AFA1D02A1BA5ACA7.PDF (590 KB)
2026-06-11 09:19:15 | DEBUG    |   ✓ 360MD1E07039E1DCA455B8CCB9D0C4BFD4BBE.PDF (258 KB)
2026-06-11 09:19:18 | DEBUG    |   ✓ 359MD22B81FAE1AB9481BA79541602ADD032D.PDF (766 KB)
2026-06-11 09:19:20 | DEBUG    |   ✓ 358MDB0FF0CDD07C04BFAB5A97494E9BB7104.PDF (476 KB)
2026-06-11 09:19:23 | DEBUG    |   ✓ 357MD501BDDC9758E40B592D1AD2D919CC6AF.PDF (614 KB)
2026-06-11 09:19:25 | DEBUG    |   ✓ 356MD4F8109CA54BE44A9805C5300601F8A11.PDF (336 KB)
2026-06-11 09:19:29 | DEBUG    |   ✓ 355MDDFD8E87964DD4F529248131781B5812F.PDF (635 KB)
2026-06-11 09:19:32 | DEBUG    |   ✓ 354MD1F909E42C44E481085D47ECF16A9EE26.PDF (337 KB)
2026-06-11 09:19:35 | DEBUG    |   ✓ 353MD9A35481FC07E4D1199A62E5C2356B0C4.PDF (466 KB)
2026-06-11 09:19:37 | DEBUG    |   ✓ 352MDCF4E55B0ACD24FCC8AED1C715997F0F9.PDF (386 KB)
2026-06-11 09:19:40 | DEBUG    |   ✓ 351MD74108723E6DA484E954DB9D2C7ED184C.PDF (377 KB)
2026-06-11 09:19:43 | DEBUG    |   ✓ 350MDEF81E70DAB50429898EB2CF07BBCA09E.PDF (360 KB)
2026-06-11 09:19:45 | DEBUG    |   ✓ 349MD04B1F5EC16D84779BC61D9CC40552401.PDF (654 KB)
2026-06-11 09:19:49 | DEBUG    |   ✓ 348MD993245D8570047299D1814811F20AFEE.PDF (449 KB)
2026-06-11 09:19:51 | DEBUG    |   ✓ 347MD5CC21D3597C04354B67A42A1A4CB439C.PDF (537 KB)
2026-06-11 09:19:54 | DEBUG    |   ✓ 346MD6C1FC3FFE3E84415B12A1C05642FD3E3.PDF (384 KB)
2026-06-11 09:19:57 | DEBUG    |   ✓ 345MDAB71EF5B2D534D7B92C654742BDF9A77.PDF (641 KB)
2026-06-11 09:19:59 | DEBUG    |   ✓ 344MD22F0E87F6DD848919A6459236939D76F.PDF (463 KB)
2026-06-11 09:20:02 | DEBUG    |   ✓ 343MD54448C9FA65A429BB5AFADBB162904F1.PDF (507 KB)
2026-06-11 09:20:04 | DEBUG    |   ✓ 342MD6D0E541E684A451BB4BB80C4819B2BB1.PDF (262 KB)
2026-06-11 09:20:07 | DEBUG    |   ✓ 341MDDF7F3A9C8BF2439D828E773D444D7FD3.PDF (271 KB)
2026-06-11 09:20:09 | DEBUG    |   ✓ 340MD4B77ED4B942E4F9FBECA5673D0360BA3.PDF (313 KB)
2026-06-11 09:20:12 | DEBUG    |   ✓ 339MD7166A79E96D64572B378949D3972DBD1.PDF (444 KB)
2026-06-11 09:20:15 | DEBUG    |   ✓ 377MDC2C0B12BF5FA4716B1186CBAFBAEE6DC.PDF (566 KB)
2026-06-11 09:20:17 | DEBUG    |   ✓ 376MD90C9663D1BA3430989254B93FFC0C975.PDF (398 KB)
2026-06-11 09:20:20 | DEBUG    |   ✓ 375MD4501F9CAB74942A5862702FA20D4F275.PDF (595 KB)
2026-06-11 09:20:23 | DEBUG    |   ✓ 374MD5EB12B213C134165BBC19F6F9B01434A.PDF (699 KB)
2026-06-11 09:20:25 | DEBUG    |   ✓ 379MD4FB63C400E634A6EA5E9F800150E0643.PDF (352 KB)
2026-06-11 09:20:29 | DEBUG    |   ✓ 378MD65D46FCCF0C34491B34505C6E1DACFFE.PDF (958 KB)
2026-06-11 09:20:31 | DEBUG    |   ✓ 119MD1507243E72581B827246DA93059E0EC1951F6F.PDF (398 KB)
2026-06-11 09:20:34 | DEBUG    |   ✓ 118MDE97B8ED9A09B4B21BE7FDDE5F836CD09.PDF (446 KB)
2026-06-11 09:20:38 | DEBUG    |   ✓ MD11024D1EF9CB39B44ABB23DF586173E0CDE.PDF (2066 KB)
2026-06-11 09:20:41 | DEBUG    |   ✓ 107MDITGOVERNANCE3303572008604C67AC25B84292D85567.PDF (425 KB)
2026-06-11 09:20:43 | DEBUG    |   ✓ MD7493544C24B5FC47D0AB12798C61CDB56F.PDF (261 KB)
2026-06-11 09:20:45 | DEBUG    |   ✓ MD28A4C421E7F7724C07B38E3C6207F3548E.PDF (233 KB)
2026-06-11 09:20:48 | DEBUG    |   ✓ 120MDFRAUDRISKNBFCS82139F5C3E9E47798592706B653930FA.PDF (400 KB)
2026-06-11 09:20:51 | DEBUG    |   ✓ MD53E0706201769D6B56245D7457395560CFE72517E0C.PDF (255 KB)
2026-06-11 09:20:53 | DEBUG    |   ✓ MD47290920166EB3809B368247B5AD9EA90B846DB0BC.PDF (149 KB)
2026-06-11 09:20:55 | DEBUG    |   ✓ MD48290920160255C86B033F4C4691FE7D44C22327B5.PDF (160 KB)
2026-06-11 09:20:59 | DEBUG    |   ✓ 128MD66C4DDCB167C4DC9A5BD913570CB3D47.PDF (831 KB)
2026-06-11 09:21:02 | DEBUG    |   ✓ MDPSL803EE903174E4C85AFA14C335A5B0909.PDF (1559 KB)
2026-06-11 09:21:05 | DEBUG    |   ✓ 65MD603579515C5142D2B168D5FA886A2CCB.PDF (280 KB)
2026-06-11 09:21:07 | DEBUG    |   ✓ 64MDE1617F2067C546028690756E30B0C0F7.PDF (213 KB)
2026-06-11 09:21:10 | DEBUG    |   ✓ 56MD24072017E50D0ED63F9B4414AA756FF0FC72FB66.PDF (430 KB)
2026-06-11 09:21:12 | DEBUG    |   ✓ 55MD0A0C769D62074BCEAEC6F40FD8356870.PDF (136 KB)
2026-06-11 09:21:14 | DEBUG    |   ✓ 392MD270320266188FCF9FF0D4C51913E2DD577796EA4.PDF (279 KB)
2026-06-11 09:21:17 | DEBUG    |   ✓ 281MD4079EF84173847849A50F7A00FB229F5.PDF (353 KB)
2026-06-11 09:21:19 | DEBUG    |   ✓ 142MD1111202598527CBD7B6D4BFC9792D568AD07F27D.PDF (189 KB)
2026-06-11 09:21:22 | DEBUG    |   ✓ 137MDEF04E0A142F948C58A9503C136E565AF.PDF (422 KB)
2026-06-11 09:21:24 | DEBUG    |   ✓ MD12777A587A04E134163B2F6F574B44F9F1C.PDF (251 KB)
2026-06-11 09:21:28 | DEBUG    |   ✓ MD126B9CF2E0CABD14471955E50A54D8291F2.PDF (542 KB)
2026-06-11 09:21:30 | DEBUG    |   ✓ 124MD825F9F7127044B6F9BD2BDAA7C96D4B9.PDF (312 KB)
2026-06-11 09:21:33 | DEBUG    |   ✓ 117MDRBIOTCDERIVATIVES20245DEA695183554A20B155CE65F58944DD.PDF (574 KB)
2026-06-11 09:21:35 | DEBUG    |   ✓ 109MDCPNCD797F42D139D741169EB58E637B243FF6.PDF (362 KB)
2026-06-11 09:21:38 | DEBUG    |   ✓ 94MDHEDGIN0DE447B3472143D6B3237D5F605E2ADB.PDF (353 KB)
2026-06-11 09:21:40 | DEBUG    |   ✓ 93MDVARIATIONMARGIN29E1715A212F48B89160C223B91ABF74.PDF (304 KB)
2026-06-11 09:21:43 | DEBUG    |   ✓ 88MDRBICDD2022D30B9C6D207C4D47A98D48F169DF1762.PDF (380 KB)
2026-06-11 09:21:45 | DEBUG    |   ✓ 84MD8DAD7C4F379B4875AC9C2D398646B42D.PDF (259 KB)
2026-06-11 09:21:48 | DEBUG    |   ✓ NT5080C62E3929DE4D70AABB8136B7B5F647.PDF (268 KB)
2026-06-11 09:21:50 | DEBUG    |   ✓ 78CALL95561D4E6ED4441EAE8AB0763E9B5DAE.PDF (251 KB)
2026-06-11 09:21:54 | DEBUG    |   ✓ 32MD3991CCC227A24E61B8EFF6F7DBA065E2.PDF (1066 KB)
2026-06-11 09:21:59 | DEBUG    |   ✓ MD3191FD1C01B7704FB9B24E7073F651AB51.PDF (558 KB)
2026-06-11 09:22:01 | DEBUG    |   ✓ 135MD89B55F672F36443FA02C0C53DC207FFF.PDF (301 KB)
2026-06-11 09:22:04 | DEBUG    |   ✓ 121MDOI2507202427D16C96B42C4E0B849FFD9732752B68.PDF (358 KB)
2026-06-11 09:22:06 | DEBUG    |   ✓ 5MD2603201979CA1390E9E546869B2A9A92614DEDBF.PDF (452 KB)
2026-06-11 09:22:09 | DEBUG    |   ✓ MD11_04012018B4D0DB4E6DA04CC4B7AF62AA03D902BE.PDF (444 KB)
2026-06-11 09:22:12 | DEBUG    |   ✓ MD01220220176458378BB80A417592B7CE4DB57B123A.PDF (214 KB)
2026-06-11 09:22:14 | DEBUG    |   ✓ 05MD56DF4232873F466191DC23F39F1012DD.PDF (147 KB)
2026-06-11 09:22:17 | DEBUG    |   ✓ 06MDE170516F633150EBCFE438084174F7DECCDC20C.PDF (317 KB)
2026-06-11 09:22:24 | DEBUG    |   ✓ 10MD06102016E550559916C346E0BC93720658286729.PDF (1274 KB)
2026-06-11 09:22:27 | DEBUG    |   ✓ 01MDC010116BADB4521C423465C9679DBFA22845C7D.PDF (902 KB)
2026-06-11 09:22:30 | DEBUG    |   ✓ 02MD787706E669D641C090B415DBE22DEE29.PDF (323 KB)
2026-06-11 09:22:32 | DEBUG    |   ✓ 03MD945692290C104C5595AEDAC89AE78788.PDF (423 KB)
2026-06-11 09:22:35 | DEBUG    |   ✓ 04MD5127742FD0914D54B5EC4ECA8076F325.PDF (500 KB)
2026-06-11 09:22:37 | DEBUG    |   ✓ 07MIP0101168C51C4CB845342D09E8A4A613B1F1C6D.PDF (270 KB)
2026-06-11 09:22:40 | DEBUG    |   ✓ 08MDROA112016989330DF1FF9494784DAC32B488E6AE4.PDF (288 KB)
2026-06-11 09:22:43 | DEBUG    |   ✓ 09MDD593B2F2D48648C8AB3D37625C9F245D.PDF (509 KB)
2026-06-11 09:22:46 | DEBUG    |   ✓ 12MDFB8AD1B34BCB4D0A8F6869DA4A53082E.PDF (487 KB)
2026-06-11 09:22:49 | DEBUG    |   ✓ 13MDRD77DCF42C4E64B6C9A83C24EF5D4E188.PDF (1405 KB)
2026-06-11 09:22:52 | DEBUG    |   ✓ 14MDM1120153F2FD5CC455640E78D139304BC7C080F.PDF (237 KB)
2026-06-11 09:22:54 | DEBUG    |   ✓ 16MCDF82CC17C279247FCB66E2A39BDAD38F6.PDF (222 KB)
2026-06-11 09:22:57 | DEBUG    |   ✓ 11MDEGS1205163428383952204B77831A3A086E82FDDF.PDF (516 KB)
2026-06-11 09:23:00 | DEBUG    |   ✓ MD03_29031928C70FB929814CFCA72C7D3ED5A0EDE4.PDF (328 KB)
2026-06-11 09:23:02 | DEBUG    |   ✓ 395MDDCEE303B29F7409B867FAAEC10242C4A.PDF (502 KB)
2026-06-11 09:23:05 | DEBUG    |   ✓ MD39472AB49ECE87F40868FBB8F0714E1627F.PDF (626 KB)
2026-06-11 09:23:08 | DEBUG    |   ✓ 393MD748717FE591F47CA86031C181677D39B.PDF (447 KB)
2026-06-11 09:23:11 | DEBUG    |   ✓ 136MD25042025D32CA11EFBFC425288223F9E7FA96AF4.PDF (880 KB)
2026-06-11 09:23:14 | DEBUG    |   ✓ MD1332AB67885F67843569D47E893E23EF959.PDF (979 KB)
2026-06-11 09:23:17 | DEBUG    |   ✓ MDCND0104202580F6E20BEB804BF6A10E8551EFDCA39F.PDF (1341 KB)
2026-06-11 09:23:20 | DEBUG    |   ✓ MD130010420256D973D29CB9749AE93AA109978A2B9CB.PDF (822 KB)
2026-06-11 09:23:23 | DEBUG    |   ✓ MD13101042025671F8F57253649588A32B08B06B0CA82.PDF (843 KB)
2026-06-11 09:23:26 | DEBUG    |   ✓ 115MDCN01042024F088EFA4F3F04DC9968AD7EC6844AFE9.PDF (622 KB)
2026-06-11 09:23:28 | DEBUG    |   ✓ 114MD01042024A655EA52DF584B2F83EFDC9EE14318A4.PDF (302 KB)
2026-06-11 09:23:31 | DEBUG    |   ✓ 113MD01042024937B0D0040424E9D9D7FD66B31FCDFD0.PDF (235 KB)
2026-06-11 09:23:33 | DEBUG    |   ✓ 112MDSP010420245231CBB994974C658737DD8438EA6B75.PDF (339 KB)
2026-06-11 09:23:36 | DEBUG    |   ✓ 99MD7E47D5C894AC429FBA74073AA1D9CB93.PDF (265 KB)
2026-06-11 09:23:38 | DEBUG    |   ✓ 100MD03042023F2C548759A2C4E429F295F9A9FC5168F.PDF (282 KB)
2026-06-11 09:23:40 | DEBUG    |   ✓ 101MDPPD80EBE808A91E45CE9BE6B989C188F877.PDF (258 KB)
2026-06-11 09:23:45 | DEBUG    |   ✓ 98MD030420232E2F50AF4A6043AF97A5628CFB7D3B56.PDF (1356 KB)
2026-06-11 09:23:48 | DEBUG    |   ✓ 97MDFENCCBA829FDFE8B46309498DB166C87D933.PDF (300 KB)
2026-06-11 09:23:50 | DEBUG    |   ✓ 91MDPPDR01042022EADFF060516C47E49C34DB2C9AA96CE1.PDF (341 KB)
2026-06-11 09:23:53 | DEBUG    |   ✓ 90MDCDES010420224121B4A8DAEF4390A2063DF8E7E7A3C1.PDF (253 KB)
2026-06-11 09:23:55 | DEBUG    |   ✓ 77MD01042021E0839C3AEC50408A8570A02A57D40E4F.PDF (305 KB)
2026-06-11 09:23:57 | DEBUG    |   ✓ 76MD0104202105B64EDB81304720A2AB3A7C88AC9276.PDF (202 KB)
2026-06-11 09:24:00 | DEBUG    |   ✓ 69MD71C6523DA8B14C8582D9860CEA050BA4.PDF (373 KB)
2026-06-11 09:24:02 | DEBUG    |   ✓ 68MD667BD1A3E259475FA08F8B407617C923.PDF (158 KB)
2026-06-11 09:24:04 | DEBUG    |   ✓ 62MD_05072018A0D59917AE714AF19E633B28C0D9DD9B.PDF (73 KB)
2026-06-11 09:24:06 | DEBUG    |   ✓ MD63948FC3860C834CF78DB37990DA108B23.PDF (57 KB)
2026-06-11 09:24:09 | DEBUG    |   ✓ MD59073FB085A702408996EAA31953818FFF.PDF (99 KB)
2026-06-11 09:24:11 | DEBUG    |   ✓ MD35EA1BB6037AD745ABB1DD5833AA6BF692.PDF (33 KB)
2026-06-11 09:24:14 | DEBUG    |   ✓ MD3602551968629E4303BE4C26205A6A4D1E.PDF (55 KB)
2026-06-11 09:24:16 | DEBUG    |   ✓ 396MDD002E435ECA145509929FC3ACBCFD0E9.PDF (242 KB)
2026-06-11 09:24:18 | DEBUG    |   ✓ NT79258FF36ECA8F4886B3B01F55D166C2B2.PDF (268 KB)
2026-06-11 09:24:21 | DEBUG    |   ✓ 141MD7D7F25DEBF1F48449E20D685E4B014E5.PDF (429 KB)
2026-06-11 09:24:24 | DEBUG    |   ✓ MD123C0C6F7FF70E34F3DA5623B9E72AB3181.PDF (1033 KB)
2026-06-11 09:24:27 | DEBUG    |   ✓ 111MDONBBPS87BA4103916D4B21AE117F1443020ADB.PDF (362 KB)
2026-06-11 09:24:29 | DEBUG    |   ✓ 82MDPPIS2708202181CF0A6FCD1B47B88CAE8E92A228B160.PDF (708 KB)
2026-06-11 09:24:33 | DEBUG    |   ✓ MD51170116C65788DE8A564165B74D5FECE0626A73.PDF (1360 KB)
2026-06-11 09:24:36 | DEBUG    |   ✓ Utkarsh202910042026.pdf (652 KB)
2026-06-11 09:24:38 | DEBUG    |   ✓ Accessibility20012026.pdf (134 KB)
2026-06-11 09:24:45 | DEBUG    |   ✓ NT19E5A780CFF65B4D4583BB768C2E0897D8.PDF (1314 KB)
2026-06-11 09:24:50 | DEBUG    |   ✓ 18MC01042025616166709B48430A987603C6FB23589F.PDF (1614 KB)
2026-06-11 09:24:53 | DEBUG    |   ✓ NT17DC5A1D8BA84E420CA6AAA87B4E05F17F.PDF (1186 KB)
2026-06-11 09:24:56 | DEBUG    |   ✓ 14MC01042025B5575C2EF9D247CAA5FBB2585B1CBB4B.PDF (1400 KB)
2026-06-11 09:25:00 | DEBUG    |   ✓ 11MC01042025B50554F5151F4E2593699A034105BAA2.PDF (938 KB)
2026-06-11 09:25:04 | DEBUG    |   ✓ 09MC01042025579866A57486476EBBEAB63366EB95B7.PDF (1503 KB)
2026-06-11 09:25:07 | DEBUG    |   ✓ 07MC0104202508D52A1219FA468D864D393D72C3CC4B.PDF (1360 KB)
2026-06-11 09:25:10 | DEBUG    |   ✓ NT168E73C887EB7C4C69A01A0F2FB458C9AB.PDF (1146 KB)
2026-06-11 09:25:14 | DEBUG    |   ✓ NT150D4BEA3889CD42F794F124D97AEB5B69.PDF (1116 KB)
2026-06-11 09:25:18 | DEBUG    |   ✓ 13MC01042025792E33CF094B46F2B838E6409777438D.PDF (2569 KB)
2026-06-11 09:25:21 | DEBUG    |   ✓ 12MC01042025798B538ADFE74E5FA4D88A5874AD7248.PDF (1220 KB)
2026-06-11 09:25:28 | DEBUG    |   ✓ NT08F65FDFBB966942CAA08E0D766F2F6BD4.PDF (5265 KB)
2026-06-11 09:25:31 | DEBUG    |   ✓ MC56490FDF9FBB3045C2936D194B2FFB7578.PDF (258 KB)
2026-06-11 09:25:35 | DEBUG    |   ✓ 04MC01042025636879CB4F0548F490DC312D96B7D2C1.PDF (1594 KB)
2026-06-11 09:25:37 | DEBUG    |   ✓ 03MCCC01042025AE0443642B944F72936B15767028ED2B.PDF (255 KB)
2026-06-11 09:25:40 | DEBUG    |   ✓ 02MC010420256177154636DF4920B0F75500DDCDB82D.PDF (597 KB)
2026-06-11 09:25:43 | DEBUG    |   ✓ 01MCD0D97308D3AD49A3908E2F4410ED4409.PDF (173 KB)
2026-06-11 09:25:45 | DEBUG    |   ✓ AMENDMENTFEMA395800362AB7AE242719B9DB8CE256E6329.PDF (170 KB)
2026-06-11 09:25:48 | DEBUG    |   ✓ FEMA395_2__25042024.PDF (762 KB)
2026-06-11 09:25:50 | DEBUG    |   ✓ NT272F8F1407DB8840F28E9300336B910E44.PDF (194 KB)
2026-06-11 09:25:54 | DEBUG    |   ✓ IndianGazzate20032023.pdf (1254 KB)
2026-06-11 09:25:58 | DEBUG    |   ✓ 92MDCREDITDEBITCARDC423AFFB5E7945149C95CDD2F71E9158.PDF (1679 KB)
2026-06-11 09:26:01 | DEBUG    |   ✓ FEDCR2000F1FAB9DD90724BB6AFC423AC418B1DBE.PDF (295 KB)
2026-06-11 09:26:03 | DEBUG    |   ✓ APDIRIMPORT81A587BE5FAA4A65ACD27AA6D5BE2160.PDF (156 KB)
2026-06-11 09:26:06 | DEBUG    |   ✓ ASIRG30920192C6931E449774F04BEC3D16589677761.PDF (346 KB)
2026-06-11 09:26:12 | DEBUG    |   ✓ PR434MMOB8D3E4F5E14949219B8319321102DBB3.PDF (461 KB)
2026-06-11 09:26:14 | DEBUG    |   ✓ PR4338823607637E04798834FCCC367F49217.PDF (221 KB)
2026-06-11 09:26:16 | DEBUG    |   ✓ PR4321AD1F5B78F034E2AB0434D709D74E070.PDF (155 KB)
2026-06-11 09:26:19 | DEBUG    |   ✓ PR431BDE8EEEDE109480AB7A2CE6C0E3BC094.PDF (317 KB)
2026-06-11 09:26:21 | DEBUG    |   ✓ PR4302D602505715246588AFC592BF2173983.PDF (167 KB)
2026-06-11 09:26:24 | DEBUG    |   ✓ PR4292C6586A0192E4530B0803B4F1F20991F.PDF (318 KB)
2026-06-11 09:26:26 | DEBUG    |   ✓ PR428C79CA02949F748F39C6707948A87255D.PDF (399 KB)
2026-06-11 09:26:29 | DEBUG    |   ✓ PR4270293B89E9DB34B45AFCFA9578D9DFABF.PDF (354 KB)
2026-06-11 09:26:31 | DEBUG    |   ✓ PR426CF89404D52B2497EB096B3EBDC54BCAD.PDF (197 KB)
2026-06-11 09:26:33 | DEBUG    |   ✓ PR425DA64BB52282A45E8913AE3AEA8C86CA8.PDF (321 KB)
2026-06-11 09:26:36 | DEBUG    |   ✓ PR424260B640635084126B168153C635D1B26.PDF (183 KB)
2026-06-11 09:26:38 | DEBUG    |   ✓ PR42306747F923B154847936C0BF626544A83.PDF (159 KB)
2026-06-11 09:26:40 | DEBUG    |   ✓ PR422E6BDD948DD4D4B3C95170EF9D7170E05.PDF (142 KB)
2026-06-11 09:26:43 | DEBUG    |   ✓ PR421MMOE5340B0090194B0DA68AE7C4D63DBDA5.PDF (466 KB)
2026-06-11 09:26:46 | DEBUG    |   ✓ PR420AD0F4BE4C5704A1B8F3CBA5D64F4921F.PDF (159 KB)
2026-06-11 09:26:48 | DEBUG    |   ✓ PR4198604F342AFBF4B329221B75B20290FE4.PDF (259 KB)
2026-06-11 09:26:51 | DEBUG    |   ✓ PR41855AA18E83DF8474B8C81012514898D76.PDF (169 KB)
2026-06-11 09:26:54 | DEBUG    |   ✓ PR417MMO3C437AA0E4AD40D3AB6669EED90E0F93.PDF (466 KB)
2026-06-11 09:26:56 | DEBUG    |   ✓ PR4164A2050423CA846DD8D4597F344CA54D6.PDF (177 KB)
2026-06-11 09:26:59 | DEBUG    |   ✓ PR415B955C1FC5228446490F3484DD0A8E341.PDF (181 KB)
2026-06-11 09:27:01 | DEBUG    |   ✓ PR414BF8762727FC04843B92441AF34373AC0.PDF (228 KB)
2026-06-11 09:27:04 | DEBUG    |   ✓ PR41347E0AC7E4BE74FEE9217BF513A6AA901.PDF (325 KB)
2026-06-11 09:27:07 | DEBUG    |   ✓ PR41240BBD8F4D26044A4870F1BB7333DF7F9.PDF (343 KB)
2026-06-11 09:27:09 | DEBUG    |   ✓ PR411FB069D321A4D4FAA92C6DE3BA62637BA.PDF (157 KB)
2026-06-11 09:27:12 | DEBUG    |   ✓ PR410764E9B9BAD704C2BA989CB421B897E75.PDF (190 KB)
2026-06-11 09:27:15 | DEBUG    |   ✓ PR4097138833EF38F4FCEBC97B04B408E6A45.PDF (158 KB)
2026-06-11 09:27:17 | DEBUG    |   ✓ PR4086146442A63DE425E851A1B18BB4A5936.PDF (160 KB)
2026-06-11 09:27:20 | DEBUG    |   ✓ PR4070A5D9FDD6A1D4AC88A4F7761E7638F0B.PDF (144 KB)
2026-06-11 09:27:23 | DEBUG    |   ✓ PR406MMO6B8EC40FDC79473F98091820720BF7A7.PDF (492 KB)
2026-06-11 09:27:25 | DEBUG    |   ✓ PR405MMOB15BEFFB39C7476693C5ADDCB4980F61.PDF (493 KB)
2026-06-11 09:27:28 | DEBUG    |   ✓ PR40408710D89EA22486F8E28F6377FAB58CF.PDF (308 KB)
2026-06-11 09:27:31 | DEBUG    |   ✓ PR403MMOD4BCB087E25940B392EB7B6CB361B39A.PDF (493 KB)
2026-06-11 09:27:34 | DEBUG    |   ✓ PR402FC52649D65674720B1D237E915014DF6.PDF (287 KB)
2026-06-11 09:27:36 | DEBUG    |   ✓ PR4010975DD129A7C4D2CB5AA7A5CC894C1D5.PDF (219 KB)
2026-06-11 09:27:39 | DEBUG    |   ✓ PR4000F8B9FEDC597458496B3DCDFCEC4F1A4.PDF (379 KB)
2026-06-11 09:27:41 | DEBUG    |   ✓ PR39906E633B59CDB456C9CCFDE1B47A8FA62.PDF (141 KB)
2026-06-11 09:27:44 | DEBUG    |   ✓ PR3987CAB1EF1AF46436C83591B59BF96762D.PDF (308 KB)
2026-06-11 09:27:46 | DEBUG    |   ✓ PR397CB57F02ADB0447598768DC28BDB887C3.PDF (330 KB)
2026-06-11 09:27:49 | DEBUG    |   ✓ PR396E4E54EED18F1440BB9344D5D5050559D.PDF (414 KB)
2026-06-11 09:27:51 | DEBUG    |   ✓ PR39535191E703082436681157215DD5829BB.PDF (264 KB)
2026-06-11 09:27:54 | DEBUG    |   ✓ PR394A18F1CA4304549BF896E83089D0A78B0.PDF (316 KB)
2026-06-11 09:27:56 | DEBUG    |   ✓ PR393D0AC66364C454857A9EA62DADD86CE07.PDF (460 KB)
2026-06-11 09:27:59 | DEBUG    |   ✓ PR392A779EFCA34644D5F8E86F62370029DE9.PDF (202 KB)
2026-06-11 09:28:01 | DEBUG    |   ✓ PR391C7A81140E1B4418EB5F8522E5B86315D.PDF (381 KB)
2026-06-11 09:28:04 | DEBUG    |   ✓ PR390B10DF7B708554787A861FEAFF6AF78CE.PDF (294 KB)
2026-06-11 09:28:06 | DEBUG    |   ✓ PR38935CBC897C23344188AF0C4496DC5EB8B.PDF (319 KB)
2026-06-11 09:28:08 | DEBUG    |   ✓ PR38810A74684910D4B7680BC1717AB6B4301.PDF (284 KB)
2026-06-11 09:28:11 | DEBUG    |   ✓ PR3878A50EBC1C4CA40A89C7EB0027FD0FECD.PDF (172 KB)
2026-06-11 09:28:13 | DEBUG    |   ✓ PR386E3EF62B419E04A85ABE96B0EB8BAC99A.PDF (414 KB)
2026-06-11 09:28:16 | DEBUG    |   ✓ PR3855508EB4A59FF46F9B57BBA200AA250B8.PDF (351 KB)
2026-06-11 09:28:18 | DEBUG    |   ✓ PR384MMOFFB02AD9E8414C599D82F83E37EA65BE.PDF (500 KB)
2026-06-11 09:28:21 | DEBUG    |   ✓ PR383D6924F19B1024956918EE59336405931.PDF (293 KB)
2026-06-11 09:28:23 | DEBUG    |   ✓ PR382724C9F317A3445E590D82AEDD251A226.PDF (375 KB)
2026-06-11 09:28:26 | DEBUG    |   ✓ PR38104F446800C7D47688B96E520D6593B49.PDF (300 KB)
2026-06-11 09:28:28 | DEBUG    |   ✓ PR380MMO8C44D2DA373C4B6D9A71ABD48F3810C5.PDF (495 KB)
2026-06-11 09:28:31 | DEBUG    |   ✓ PR379F3D85B17D83B493A968597903AE85D99.PDF (293 KB)
2026-06-11 09:28:33 | DEBUG    |   ✓ PR37889A7CC72A5F34F9C99166BC2D5E57FCD.PDF (288 KB)
2026-06-11 09:28:36 | DEBUG    |   ✓ PR377DF69B69FC8D24529B779308D0BC5F24B.PDF (283 KB)
2026-06-11 09:28:38 | DEBUG    |   ✓ PR376CEB89FB852CA4527A294DB7689402BEF.PDF (222 KB)
2026-06-11 09:28:41 | DEBUG    |   ✓ PR3758421E823AE2E4517B396F0E9FE4F86CD.PDF (286 KB)
2026-06-11 09:28:43 | DEBUG    |   ✓ PR374MMOE35DD8F15E604F57A284EA84ED298A28.PDF (495 KB)
2026-06-11 09:28:46 | DEBUG    |   ✓ rbi_0436_RBI_Document.pdf (14 KB)
2026-06-11 09:28:48 | DEBUG    |   ✓ 86T_151120239EF7722831D64B58B9472638E49B0E09.PDF (49 KB)
2026-06-11 09:28:50 | DEBUG    |   ✓ rbi_0438_RBI_Document.pdf (20 KB)
2026-06-11 09:28:52 | DEBUG    |   ✓ 36T_151120239FECDE8DD56A4A8798CDAA54919B6123.PDF (191 KB)
2026-06-11 09:28:54 | DEBUG    |   ✓ rbi_0440_RBI_Document.pdf (12 KB)
2026-06-11 09:28:57 | DEBUG    |   ✓ 194T_150920236EBFAE3E58BD472D94C53859E8DDCD4F.PDF (103 KB)
2026-06-11 09:28:57 | INFO     | 
============================================================
2026-06-11 09:28:57 | INFO     | SCRAPING COMPLETE — RBI
2026-06-11 09:28:57 | INFO     |   ✓ Downloaded:  441 PDFs
2026-06-11 09:28:57 | INFO     |   ✗ Failed:      0 PDFs
2026-06-11 09:28:57 | INFO     |   📁 Saved to:   C:\Users\Sahil Karande\OneDrive\Desktop\Projects\Vidi\data\rbi
2026-06-11 09:28:57 | INFO     |   📋 Index:      C:\Users\Sahil Karande\OneDrive\Desktop\Projects\Vidi\data\rbi/index.csv
2026-06-11 09:28:57 | INFO     |   💾 Total size: 226.0 MB
2026-06-11 09:28:57 | INFO     | ============================================================
