2026-06-11 08:48:48 | INFO     | Logs → C:\Users\Sahil Karande\OneDrive\Desktop\Projects\Vidi\data\rbi\scraper.log
2026-06-11 08:48:48 | INFO     | ============================================================
2026-06-11 08:48:48 | INFO     | Vidi Scraper — Corpus: RBI
2026-06-11 08:48:48 | INFO     | Description: RBI Master Directions, circulars, and notifications
2026-06-11 08:48:48 | INFO     | Output: C:\Users\Sahil Karande\OneDrive\Desktop\Projects\Vidi\data\rbi
2026-06-11 08:48:48 | INFO     | Seed URLs: 3
2026-06-11 08:48:48 | INFO     | Limit: 5 PDFs (test mode)
2026-06-11 08:48:48 | INFO     | ============================================================
2026-06-11 08:48:48 | INFO     | Created index: C:\Users\Sahil Karande\OneDrive\Desktop\Projects\Vidi\data\rbi\index.csv
2026-06-11 08:48:48 | INFO     | Step 1: Crawling 3 seed URLs...
2026-06-11 08:48:48 | INFO     |   Crawling: https://www.rbi.org.in/Scripts/NotificationUser.aspx
2026-06-11 08:48:48 | INFO     | Waiting 8.65 seconds before requesting link...
2026-06-11 08:48:57 | INFO     |   Found 0 new PDF links (0 total)
2026-06-11 08:48:57 | INFO     |   Crawling: https://www.rbi.org.in/Scripts/BS_CircularIndexDisplay.aspx
2026-06-11 08:48:57 | INFO     | Waiting 6.35 seconds before requesting link...
2026-06-11 08:49:04 | INFO     |   Found 0 new PDF links (0 total)
2026-06-11 08:49:04 | INFO     |   Crawling: https://www.rbi.org.in/Scripts/BS_PressReleaseDisplay.aspx
2026-06-11 08:49:04 | INFO     | Waiting 5.96 seconds before requesting link...
2026-06-11 08:49:10 | INFO     |   Found 0 new PDF links (0 total)
2026-06-11 08:49:10 | INFO     | 
Total PDF links collected: 0
2026-06-11 08:49:10 | INFO     | Limiting to 5 PDFs for test run
2026-06-11 08:49:10 | WARNING  | No PDF links found! The portal structure may have changed.
2026-06-11 08:49:10 | WARNING  | Try running with --debug to inspect the HTML.
