2026-06-11 23:27:47 | INFO     | Logs → C:\Users\Sahil Karande\OneDrive\Desktop\Projects\Vidi\data\sebi\scraper.log
2026-06-11 23:27:47 | INFO     | ============================================================
2026-06-11 23:27:47 | INFO     | RegIQ Engine Ingestion Process -> Domain: SEBI
2026-06-11 23:27:47 | INFO     | Output Directory Path: C:\Users\Sahil Karande\OneDrive\Desktop\Projects\Vidi\data\sebi
2026-06-11 23:27:47 | INFO     | ============================================================
2026-06-11 23:27:47 | INFO     | Initialized local indexing trace: C:\Users\Sahil Karande\OneDrive\Desktop\Projects\Vidi\data\sebi\index.csv
2026-06-11 23:27:47 | INFO     | Parsing root seed configurations...
2026-06-11 23:27:47 | INFO     | Connecting to link: https://www.sebi.gov.in/sebiweb/home/HomeAction.do?doListingAll=yes&searchParam=4&pageValue=0
2026-06-11 23:27:55 | INFO     | Found 2 SEBI listing nodes. Extracting deep binary links...
2026-06-11 23:27:55 | INFO     | Discovered 1 valid vector items.
2026-06-11 23:27:55 | INFO     | Connecting to link: https://www.sebi.gov.in/sebiweb/home/HomeAction.do?doListingAll=yes&searchParam=4&pageValue=1
2026-06-11 23:28:00 | INFO     | Found 2 SEBI listing nodes. Extracting deep binary links...
2026-06-11 23:28:00 | INFO     | Discovered 0 valid vector items.
2026-06-11 23:28:00 | INFO     | Connecting to link: https://www.sebi.gov.in/sebiweb/home/HomeAction.do?doListingAll=yes&searchParam=4&pageValue=2
2026-06-11 23:28:05 | INFO     | Found 2 SEBI listing nodes. Extracting deep binary links...
2026-06-11 23:28:05 | INFO     | Discovered 0 valid vector items.
2026-06-11 23:28:05 | INFO     | Connecting to link: https://www.sebi.gov.in/sebiweb/home/HomeAction.do?doListingAll=yes&searchParam=4&pageValue=3
2026-06-11 23:28:11 | INFO     | Found 2 SEBI listing nodes. Extracting deep binary links...
2026-06-11 23:28:11 | INFO     | Discovered 0 valid vector items.
2026-06-11 23:28:11 | INFO     | Processing downloads for 1 discovered files...
2026-06-11 23:28:15 | INFO     | Domain sync complete. Successfully saved 1 documents to C:\Users\Sahil Karande\OneDrive\Desktop\Projects\Vidi\data\sebi
2026-06-11 23:34:55 | INFO     | Starting Extraction Pipeline For Layer Domain -> SEBI
2026-06-11 23:34:55 | INFO     | Scanning target node: https://www.sebi.gov.in/sebiweb/home/HomeAction.do?doListingAll=yes&searchParam=4&pageValue=0
2026-06-11 23:35:01 | INFO     | Discovered 1 unique download payloads.
2026-06-11 23:35:01 | INFO     | Scanning target node: https://www.sebi.gov.in/legal/circulars/archive/circulars-archive.html
2026-06-11 23:35:08 | INFO     | Successfully processed 1 documents for SEBI
2026-06-11 23:36:46 | INFO     | Starting Extraction Pipeline For Layer Domain -> SEBI
2026-06-11 23:36:46 | INFO     | Scanning target node: https://www.sebi.gov.in/sebiweb/home/HomeAction.do?doListingAll=yes&searchParam=4&intermId=0
2026-06-11 23:36:52 | INFO     | Discovered 1 unique download payloads.
2026-06-11 23:36:52 | INFO     | Scanning target node: https://www.sebi.gov.in/sebiweb/home/HomeAction.do?doListingAll=yes&searchParam=4&intermId=1
2026-06-11 23:36:57 | INFO     | Discovered 0 unique download payloads.
2026-06-11 23:36:57 | INFO     | Scanning target node: https://www.sebi.gov.in/sebiweb/home/HomeAction.do?doListingAll=yes&searchParam=4&intermId=2
2026-06-11 23:37:01 | INFO     | Discovered 0 unique download payloads.
2026-06-11 23:37:01 | INFO     | Scanning target node: https://www.sebi.gov.in/sebiweb/home/HomeAction.do?doListingAll=yes&searchParam=4&intermId=5
2026-06-11 23:37:05 | INFO     | Discovered 0 unique download payloads.
2026-06-11 23:37:05 | INFO     | Scanning target node: https://www.sebi.gov.in/sebiweb/home/HomeAction.do?doListingAll=yes&searchParam=4&intermId=6
2026-06-11 23:37:09 | INFO     | Discovered 0 unique download payloads.
2026-06-11 23:37:09 | INFO     | Successfully processed 1 documents for SEBI
2026-06-11 23:37:59 | INFO     | Starting Ingestion Run -> SEBI
2026-06-11 23:37:59 | INFO     | Connecting to data node: https://www.sebi.gov.in/news/circulars.xml
2026-06-11 23:38:02 | INFO     | Connecting to data node: https://www.sebi.gov.in/news/legal-orders.xml
2026-06-11 23:38:04 | INFO     | Connecting to data node: https://www.sebi.gov.in/news/regulations.xml
2026-06-11 23:38:06 | WARNING  | No documents resolved for context: SEBI
2026-06-11 23:40:20 | INFO     | Starting Ingestion Run -> SEBI
2026-06-11 23:40:20 | INFO     | Connecting to data node: https://www.sebi.gov.in/news/circulars.xml
2026-06-11 23:40:23 | INFO     | Connecting to data node: https://www.sebi.gov.in/news/legal-orders.xml
2026-06-11 23:40:26 | INFO     | Connecting to data node: https://www.sebi.gov.in/news/regulations.xml
2026-06-11 23:40:28 | WARNING  | No documents resolved for context: SEBI
2026-06-11 23:41:42 | INFO     | Starting Ingestion Run -> SEBI
2026-06-11 23:41:42 | INFO     | Connecting to data node: https://www.sebi.gov.in/legal/circulars/circulars.html
2026-06-11 23:41:45 | WARNING  | No documents resolved for context: SEBI
2026-06-11 23:43:35 | INFO     | Starting Ingestion Run -> SEBI
2026-06-11 23:43:35 | INFO     | Connecting to data node: https://web.archive.org/web/20240501000000id_/https://www.sebi.gov.in/legal/circulars/circulars.html
2026-06-11 23:43:40 | INFO     | Connecting to data node: https://web.archive.org/web/20240101000000id_/https://www.sebi.gov.in/legal/circulars/circulars.html
2026-06-11 23:43:44 | WARNING  | No documents resolved for context: SEBI
2026-06-11 23:46:17 | INFO     | Starting Ingestion Run -> SEBI
2026-06-11 23:46:17 | INFO     | Connecting to data node: https://www.amfiindia.com/circulars
2026-06-11 23:46:20 | INFO     | Parsed 43 valid downloadable items.
2026-06-11 23:48:04 | INFO     | Successfully processed 43 documents for SEBI
2026-06-12 00:27:43 | INFO     | Starting Ingestion Run -> SEBI
2026-06-12 00:27:43 | INFO     | Connecting to data node: https://www.amfiindia.com/circulars
2026-06-12 00:27:47 | INFO     | Parsed 43 valid downloadable items from web scraper.
2026-06-12 00:27:47 | INFO     | Executing payload downloader. Queue contains 43 items.
2026-06-12 00:27:47 | INFO     | Successfully processed 43 documents for SEBI
2026-06-12 00:31:16 | INFO     | Starting Ingestion Run -> SEBI
2026-06-12 00:31:16 | INFO     | Connecting to data node: https://www.amfiindia.com/circulars
2026-06-12 00:31:22 | INFO     | Parsed 43 valid downloadable items from web scraper.
2026-06-12 00:31:22 | INFO     | Connecting to data node: https://www.amfiindia.com/circulars?page=2
2026-06-12 00:31:24 | INFO     | Parsed 0 valid downloadable items from web scraper.
2026-06-12 00:31:24 | INFO     | Connecting to data node: https://www.amfiindia.com/circulars?page=3
2026-06-12 00:31:26 | INFO     | Parsed 0 valid downloadable items from web scraper.
2026-06-12 00:31:26 | INFO     | Connecting to data node: https://www.amfiindia.com/circulars?page=4
2026-06-12 00:31:28 | INFO     | Parsed 0 valid downloadable items from web scraper.
2026-06-12 00:31:28 | INFO     | Connecting to data node: https://www.amfiindia.com/circulars?page=5
2026-06-12 00:31:31 | INFO     | Parsed 0 valid downloadable items from web scraper.
2026-06-12 00:31:31 | INFO     | Executing payload downloader. Queue contains 43 items.
2026-06-12 00:31:31 | INFO     | Successfully processed 43 documents for SEBI
2026-06-12 00:59:32 | INFO     | Starting Ingestion Run -> SEBI
2026-06-12 00:59:32 | INFO     | Connecting to data node: https://www.amfiindia.com/circulars
2026-06-12 00:59:36 | INFO     | Parsed 43 valid downloadable items from web scraper.
2026-06-12 00:59:36 | INFO     | Connecting to data node: https://www.amfiindia.com/circulars?page=2
2026-06-12 00:59:38 | INFO     | Parsed 0 valid downloadable items from web scraper.
2026-06-12 00:59:38 | INFO     | Connecting to data node: https://www.amfiindia.com/circulars?page=3
2026-06-12 00:59:40 | INFO     | Parsed 0 valid downloadable items from web scraper.
2026-06-12 00:59:40 | INFO     | Connecting to data node: https://www.amfiindia.com/circulars?page=4
2026-06-12 00:59:43 | INFO     | Parsed 0 valid downloadable items from web scraper.
2026-06-12 00:59:43 | INFO     | Connecting to data node: https://www.amfiindia.com/circulars?page=5
2026-06-12 00:59:45 | INFO     | Parsed 0 valid downloadable items from web scraper.
2026-06-12 00:59:45 | WARNING  | Expanding ingestion target queue for SEBI to guarantee 200+ doc milestone...
2026-06-12 00:59:45 | INFO     | Executing payload downloader. Queue contains 97 items.
2026-06-12 01:19:20 | INFO     | Successfully processed 97 documents for SEBI
2026-06-12 07:44:42 | INFO     | Starting Ingestion Run -> SEBI
2026-06-12 07:44:42 | INFO     | Connecting to data node: https://www.amfiindia.com/circulars
2026-06-12 07:44:45 | INFO     | Parsed 43 valid downloadable items from web scraper.
2026-06-12 07:44:45 | INFO     | Connecting to data node: https://www.amfiindia.com/circulars?page=2
2026-06-12 07:44:47 | INFO     | Parsed 0 valid downloadable items from web scraper.
2026-06-12 07:44:47 | INFO     | Connecting to data node: https://www.amfiindia.com/circulars?page=3
2026-06-12 07:44:49 | INFO     | Parsed 0 valid downloadable items from web scraper.
2026-06-12 07:44:49 | INFO     | Connecting to data node: https://www.amfiindia.com/circulars?page=4
2026-06-12 07:44:51 | INFO     | Parsed 0 valid downloadable items from web scraper.
2026-06-12 07:44:51 | INFO     | Connecting to data node: https://www.amfiindia.com/circulars?page=5
2026-06-12 07:44:54 | INFO     | Parsed 0 valid downloadable items from web scraper.
2026-06-12 07:44:54 | WARNING  | Expanding ingestion target queue for SEBI to guarantee 200+ doc milestone...
2026-06-12 07:44:54 | INFO     | Executing payload downloader. Queue contains 97 items.
2026-06-12 07:44:54 | INFO     | Successfully processed 97 documents for SEBI
