2026-06-13 19:21:49.887 | INFO     | __main__:detect_corpus_changes:67 - Analyzing changes for corpus: GST
2026-06-13 19:21:50.347 | INFO     | __main__:detect_corpus_changes:67 - Analyzing changes for corpus: RBI
2026-06-13 19:28:24.382 | INFO     | __main__:detect_corpus_changes:67 - Analyzing changes for corpus: SEBI
2026-06-13 19:28:24.756 | INFO     | __main__:detect_corpus_changes:67 - Analyzing changes for corpus: MCA
2026-06-13 19:28:24.773 | INFO     | __main__:detect_corpus_changes:67 - Analyzing changes for corpus: FEMA
2026-06-13 19:28:24.778 | INFO     | __main__:run_diff_detection:134 - Diff detection routine complete. Created 0 system alert records.
2026-07-16 23:19:22.767 | INFO     | __main__:run_diff_detection:215 - Initializing SentenceTransformer model layer for verification validation tasks...
2026-07-16 23:19:30.555 | INFO     | __main__:detect_corpus_changes:111 - First-time run execution profile setup for gst. Skipping NLP diff engine tracking.
2026-07-16 23:19:30.557 | INFO     | __main__:detect_corpus_changes:111 - First-time run execution profile setup for rbi. Skipping NLP diff engine tracking.
2026-07-16 23:19:30.558 | INFO     | __main__:detect_corpus_changes:111 - First-time run execution profile setup for sebi. Skipping NLP diff engine tracking.
2026-07-16 23:19:30.558 | INFO     | __main__:detect_corpus_changes:111 - First-time run execution profile setup for mca. Skipping NLP diff engine tracking.
2026-07-16 23:19:30.559 | INFO     | __main__:detect_corpus_changes:111 - First-time run execution profile setup for fema. Skipping NLP diff engine tracking.
2026-07-16 23:19:30.560 | INFO     | __main__:run_diff_detection:228 - Diff detection routine complete. Generated 0 compliance alert mutations.
2026-07-16 23:21:12.618 | INFO     | __main__:run_diff_detection:215 - Initializing SentenceTransformer model layer for verification validation tasks...
2026-07-16 23:21:20.188 | INFO     | __main__:detect_corpus_changes:111 - First-time run execution profile setup for gst. Skipping NLP diff engine tracking.
2026-07-16 23:21:20.189 | INFO     | __main__:detect_corpus_changes:111 - First-time run execution profile setup for rbi. Skipping NLP diff engine tracking.
2026-07-16 23:21:20.190 | INFO     | __main__:detect_corpus_changes:111 - First-time run execution profile setup for sebi. Skipping NLP diff engine tracking.
2026-07-16 23:21:20.190 | INFO     | __main__:detect_corpus_changes:111 - First-time run execution profile setup for mca. Skipping NLP diff engine tracking.
2026-07-16 23:21:20.191 | INFO     | __main__:detect_corpus_changes:111 - First-time run execution profile setup for fema. Skipping NLP diff engine tracking.
2026-07-16 23:21:20.192 | INFO     | __main__:run_diff_detection:228 - Diff detection routine complete. Generated 0 compliance alert mutations.
2026-07-16 23:34:11.817 | INFO     | __main__:run_diff_detection:215 - Initializing SentenceTransformer model layer for verification validation tasks...
2026-07-16 23:34:19.556 | INFO     | __main__:detect_corpus_changes:111 - First-time run execution profile setup for gst. Skipping NLP diff engine tracking.
2026-07-16 23:34:19.556 | INFO     | __main__:detect_corpus_changes:111 - First-time run execution profile setup for rbi. Skipping NLP diff engine tracking.
2026-07-16 23:34:19.556 | INFO     | __main__:detect_corpus_changes:111 - First-time run execution profile setup for sebi. Skipping NLP diff engine tracking.
2026-07-16 23:34:19.556 | INFO     | __main__:detect_corpus_changes:111 - First-time run execution profile setup for mca. Skipping NLP diff engine tracking.
2026-07-16 23:34:19.556 | INFO     | __main__:detect_corpus_changes:111 - First-time run execution profile setup for fema. Skipping NLP diff engine tracking.
2026-07-16 23:34:19.560 | INFO     | __main__:run_diff_detection:228 - Diff detection routine complete. Generated 0 compliance alert mutations.
2026-07-17 00:05:04.591 | INFO     | __main__:run_diff_detection:215 - Initializing SentenceTransformer model layer for verification validation tasks...
2026-07-17 00:06:32.885 | INFO     | __main__:detect_corpus_changes:116 - Running semantic similarity delta evaluations for corpus: GST
2026-07-17 00:06:33.101 | INFO     | __main__:detect_corpus_changes:113 - First-time run execution profile setup for rbi. Skipping NLP diff engine tracking.
2026-07-17 00:06:33.102 | INFO     | __main__:detect_corpus_changes:113 - First-time run execution profile setup for sebi. Skipping NLP diff engine tracking.
2026-07-17 00:06:33.102 | INFO     | __main__:detect_corpus_changes:113 - First-time run execution profile setup for mca. Skipping NLP diff engine tracking.
2026-07-17 00:06:33.102 | INFO     | __main__:detect_corpus_changes:113 - First-time run execution profile setup for fema. Skipping NLP diff engine tracking.
2026-07-17 00:06:33.103 | INFO     | __main__:run_diff_detection:227 - Diff detection routine complete. Generated 0 compliance alert mutations.
2026-07-17 00:12:27.620 | INFO     | __main__:run_diff_detection:215 - Initializing SentenceTransformer model layer for verification validation tasks...
2026-07-17 00:13:55.108 | INFO     | __main__:detect_corpus_changes:116 - Running semantic similarity delta evaluations for corpus: GST
2026-07-17 00:17:07.322 | INFO     | __main__:run_diff_detection:220 - Initializing SentenceTransformer model layer for verification validation tasks...
2026-07-17 00:24:33.868 | INFO     | __main__:run_diff_detection:220 - Initializing SentenceTransformer model layer for verification validation tasks...
2026-07-17 00:24:34.085 | INFO     | __main__:detect_corpus_changes:121 - Running semantic similarity delta evaluations for corpus: GST
2026-07-17 00:24:34.166 | WARNING  | __main__:calculate_cosine_similarity:45 - Vector shape mismatch detected. Forcing similarity index to 0.0
2026-07-17 00:24:34.166 | INFO     | __main__:detect_corpus_changes:163 - ⚠️ SEMANTIC DRIFT IDENTIFIED (< 0.85) in GST -> 01062019-GST-An-Update.pdf (Similarity: 0.00)
2026-07-17 00:24:35.469 | INFO     | __main__:detect_corpus_changes:118 - First-time run execution profile setup for rbi. Skipping NLP diff engine tracking.
2026-07-17 00:24:35.470 | INFO     | __main__:detect_corpus_changes:118 - First-time run execution profile setup for sebi. Skipping NLP diff engine tracking.
2026-07-17 00:24:35.470 | INFO     | __main__:detect_corpus_changes:118 - First-time run execution profile setup for mca. Skipping NLP diff engine tracking.
2026-07-17 00:24:35.470 | INFO     | __main__:detect_corpus_changes:118 - First-time run execution profile setup for fema. Skipping NLP diff engine tracking.
2026-07-17 00:24:35.471 | INFO     | __main__:run_diff_detection:233 - Diff detection routine complete. Generated 1 compliance alert mutations.
